{"/Users/moty/Documents/GitHub/tree-nodejs-typescript-postgresql/config/database/index.ts":{"path":"/Users/moty/Documents/GitHub/tree-nodejs-typescript-postgresql/config/database/index.ts","statementMap":{"0":{"start":{"line":2,"column":22},"end":{"line":12,"column":3}},"1":{"start":{"line":3,"column":4},"end":{"line":3,"column":33}},"2":{"start":{"line":3,"column":26},"end":{"line":3,"column":33}},"3":{"start":{"line":4,"column":15},"end":{"line":4,"column":52}},"4":{"start":{"line":5,"column":4},"end":{"line":7,"column":5}},"5":{"start":{"line":6,"column":6},"end":{"line":6,"column":68}},"6":{"start":{"line":6,"column":51},"end":{"line":6,"column":63}},"7":{"start":{"line":8,"column":4},"end":{"line":8,"column":39}},"8":{"start":{"line":10,"column":4},"end":{"line":10,"column":33}},"9":{"start":{"line":10,"column":26},"end":{"line":10,"column":33}},"10":{"start":{"line":11,"column":4},"end":{"line":11,"column":17}},"11":{"start":{"line":13,"column":25},"end":{"line":17,"column":2}},"12":{"start":{"line":14,"column":4},"end":{"line":14,"column":72}},"13":{"start":{"line":16,"column":4},"end":{"line":16,"column":21}},"14":{"start":{"line":18,"column":19},"end":{"line":24,"column":1}},"15":{"start":{"line":19,"column":4},"end":{"line":19,"column":42}},"16":{"start":{"line":19,"column":31},"end":{"line":19,"column":42}},"17":{"start":{"line":20,"column":17},"end":{"line":20,"column":19}},"18":{"start":{"line":21,"column":4},"end":{"line":21,"column":141}},"19":{"start":{"line":21,"column":21},"end":{"line":21,"column":141}},"20":{"start":{"line":21,"column":40},"end":{"line":21,"column":141}},"21":{"start":{"line":21,"column":109},"end":{"line":21,"column":141}},"22":{"start":{"line":22,"column":4},"end":{"line":22,"column":36}},"23":{"start":{"line":23,"column":4},"end":{"line":23,"column":18}},"24":{"start":{"line":25,"column":16},"end":{"line":33,"column":1}},"25":{"start":{"line":26,"column":28},"end":{"line":26,"column":110}},"26":{"start":{"line":26,"column":91},"end":{"line":26,"column":106}},"27":{"start":{"line":27,"column":4},"end":{"line":32,"column":7}},"28":{"start":{"line":28,"column":36},"end":{"line":28,"column":97}},"29":{"start":{"line":28,"column":42},"end":{"line":28,"column":70}},"30":{"start":{"line":28,"column":85},"end":{"line":28,"column":95}},"31":{"start":{"line":29,"column":35},"end":{"line":29,"column":100}},"32":{"start":{"line":29,"column":41},"end":{"line":29,"column":73}},"33":{"start":{"line":29,"column":88},"end":{"line":29,"column":98}},"34":{"start":{"line":30,"column":32},"end":{"line":30,"column":116}},"35":{"start":{"line":31,"column":8},"end":{"line":31,"column":78}},"36":{"start":{"line":34,"column":18},"end":{"line":60,"column":1}},"37":{"start":{"line":35,"column":12},"end":{"line":35,"column":104}},"38":{"start":{"line":35,"column":43},"end":{"line":35,"column":68}},"39":{"start":{"line":35,"column":57},"end":{"line":35,"column":68}},"40":{"start":{"line":35,"column":69},"end":{"line":35,"column":81}},"41":{"start":{"line":35,"column":119},"end":{"line":35,"column":196}},"42":{"start":{"line":36,"column":4},"end":{"line":36,"column":160}},"43":{"start":{"line":36,"column":141},"end":{"line":36,"column":153}},"44":{"start":{"line":37,"column":23},"end":{"line":37,"column":68}},"45":{"start":{"line":37,"column":45},"end":{"line":37,"column":65}},"46":{"start":{"line":39,"column":8},"end":{"line":39,"column":70}},"47":{"start":{"line":39,"column":15},"end":{"line":39,"column":70}},"48":{"start":{"line":40,"column":8},"end":{"line":57,"column":66}},"49":{"start":{"line":40,"column":50},"end":{"line":57,"column":66}},"50":{"start":{"line":41,"column":12},"end":{"line":41,"column":169}},"51":{"start":{"line":41,"column":160},"end":{"line":41,"column":169}},"52":{"start":{"line":42,"column":12},"end":{"line":42,"column":52}},"53":{"start":{"line":42,"column":26},"end":{"line":42,"column":52}},"54":{"start":{"line":43,"column":12},"end":{"line":55,"column":13}},"55":{"start":{"line":44,"column":32},"end":{"line":44,"column":39}},"56":{"start":{"line":44,"column":40},"end":{"line":44,"column":46}},"57":{"start":{"line":45,"column":24},"end":{"line":45,"column":34}},"58":{"start":{"line":45,"column":35},"end":{"line":45,"column":72}},"59":{"start":{"line":46,"column":24},"end":{"line":46,"column":34}},"60":{"start":{"line":46,"column":35},"end":{"line":46,"column":45}},"61":{"start":{"line":46,"column":46},"end":{"line":46,"column":55}},"62":{"start":{"line":46,"column":56},"end":{"line":46,"column":65}},"63":{"start":{"line":47,"column":24},"end":{"line":47,"column":41}},"64":{"start":{"line":47,"column":42},"end":{"line":47,"column":55}},"65":{"start":{"line":47,"column":56},"end":{"line":47,"column":65}},"66":{"start":{"line":49,"column":20},"end":{"line":49,"column":128}},"67":{"start":{"line":49,"column":110},"end":{"line":49,"column":116}},"68":{"start":{"line":49,"column":117},"end":{"line":49,"column":126}},"69":{"start":{"line":50,"column":20},"end":{"line":50,"column":106}},"70":{"start":{"line":50,"column":81},"end":{"line":50,"column":97}},"71":{"start":{"line":50,"column":98},"end":{"line":50,"column":104}},"72":{"start":{"line":51,"column":20},"end":{"line":51,"column":89}},"73":{"start":{"line":51,"column":57},"end":{"line":51,"column":72}},"74":{"start":{"line":51,"column":73},"end":{"line":51,"column":80}},"75":{"start":{"line":51,"column":81},"end":{"line":51,"column":87}},"76":{"start":{"line":52,"column":20},"end":{"line":52,"column":87}},"77":{"start":{"line":52,"column":47},"end":{"line":52,"column":62}},"78":{"start":{"line":52,"column":63},"end":{"line":52,"column":78}},"79":{"start":{"line":52,"column":79},"end":{"line":52,"column":85}},"80":{"start":{"line":53,"column":20},"end":{"line":53,"column":42}},"81":{"start":{"line":53,"column":30},"end":{"line":53,"column":42}},"82":{"start":{"line":54,"column":20},"end":{"line":54,"column":33}},"83":{"start":{"line":54,"column":34},"end":{"line":54,"column":43}},"84":{"start":{"line":56,"column":12},"end":{"line":56,"column":39}},"85":{"start":{"line":57,"column":22},"end":{"line":57,"column":34}},"86":{"start":{"line":57,"column":35},"end":{"line":57,"column":41}},"87":{"start":{"line":57,"column":54},"end":{"line":57,"column":64}},"88":{"start":{"line":58,"column":8},"end":{"line":58,"column":35}},"89":{"start":{"line":58,"column":23},"end":{"line":58,"column":35}},"90":{"start":{"line":58,"column":36},"end":{"line":58,"column":89}},"91":{"start":{"line":61,"column":22},"end":{"line":63,"column":1}},"92":{"start":{"line":62,"column":4},"end":{"line":62,"column":62}},"93":{"start":{"line":64,"column":0},"end":{"line":64,"column":62}},"94":{"start":{"line":65,"column":0},"end":{"line":65,"column":26}},"95":{"start":{"line":66,"column":0},"end":{"line":66,"column":30}},"96":{"start":{"line":67,"column":18},"end":{"line":67,"column":64}},"97":{"start":{"line":68,"column":19},"end":{"line":68,"column":57}},"98":{"start":{"line":69,"column":15},"end":{"line":69,"column":52}},"99":{"start":{"line":70,"column":14},"end":{"line":70,"column":46}},"100":{"start":{"line":71,"column":12},"end":{"line":71,"column":59}},"101":{"start":{"line":72,"column":0},"end":{"line":74,"column":3}},"102":{"start":{"line":75,"column":12},"end":{"line":75,"column":13}},"103":{"start":{"line":77,"column":4},"end":{"line":101,"column":7}},"104":{"start":{"line":79,"column":8},"end":{"line":100,"column":11}},"105":{"start":{"line":80,"column":12},"end":{"line":99,"column":13}},"106":{"start":{"line":81,"column":24},"end":{"line":81,"column":101}},"107":{"start":{"line":83,"column":20},"end":{"line":83,"column":48}},"108":{"start":{"line":84,"column":20},"end":{"line":84,"column":64}},"109":{"start":{"line":84,"column":40},"end":{"line":84,"column":64}},"110":{"start":{"line":85,"column":20},"end":{"line":85,"column":48}},"111":{"start":{"line":86,"column":20},"end":{"line":86,"column":62}},"112":{"start":{"line":86,"column":38},"end":{"line":86,"column":62}},"113":{"start":{"line":87,"column":20},"end":{"line":87,"column":114}},"114":{"start":{"line":88,"column":20},"end":{"line":88,"column":31}},"115":{"start":{"line":89,"column":20},"end":{"line":89,"column":54}},"116":{"start":{"line":91,"column":20},"end":{"line":91,"column":30}},"117":{"start":{"line":92,"column":20},"end":{"line":92,"column":33}},"118":{"start":{"line":94,"column":20},"end":{"line":94,"column":36}},"119":{"start":{"line":95,"column":20},"end":{"line":95,"column":33}},"120":{"start":{"line":97,"column":20},"end":{"line":97,"column":76}},"121":{"start":{"line":98,"column":20},"end":{"line":98,"column":60}}},"fnMap":{"0":{"name":"(anonymous_0)","decl":{"start":{"line":2,"column":74},"end":{"line":2,"column":75}},"loc":{"start":{"line":2,"column":96},"end":{"line":9,"column":1}},"line":2},"1":{"name":"(anonymous_1)","decl":{"start":{"line":6,"column":38},"end":{"line":6,"column":39}},"loc":{"start":{"line":6,"column":49},"end":{"line":6,"column":65}},"line":6},"2":{"name":"(anonymous_2)","decl":{"start":{"line":9,"column":6},"end":{"line":9,"column":7}},"loc":{"start":{"line":9,"column":28},"end":{"line":12,"column":1}},"line":9},"3":{"name":"(anonymous_3)","decl":{"start":{"line":13,"column":80},"end":{"line":13,"column":81}},"loc":{"start":{"line":13,"column":95},"end":{"line":15,"column":1}},"line":13},"4":{"name":"(anonymous_4)","decl":{"start":{"line":15,"column":5},"end":{"line":15,"column":6}},"loc":{"start":{"line":15,"column":20},"end":{"line":17,"column":1}},"line":15},"5":{"name":"(anonymous_5)","decl":{"start":{"line":18,"column":50},"end":{"line":18,"column":51}},"loc":{"start":{"line":18,"column":65},"end":{"line":24,"column":1}},"line":18},"6":{"name":"(anonymous_6)","decl":{"start":{"line":25,"column":44},"end":{"line":25,"column":45}},"loc":{"start":{"line":25,"column":89},"end":{"line":33,"column":1}},"line":25},"7":{"name":"adopt","decl":{"start":{"line":26,"column":13},"end":{"line":26,"column":18}},"loc":{"start":{"line":26,"column":26},"end":{"line":26,"column":112}},"line":26},"8":{"name":"(anonymous_8)","decl":{"start":{"line":26,"column":70},"end":{"line":26,"column":71}},"loc":{"start":{"line":26,"column":89},"end":{"line":26,"column":108}},"line":26},"9":{"name":"(anonymous_9)","decl":{"start":{"line":27,"column":36},"end":{"line":27,"column":37}},"loc":{"start":{"line":27,"column":63},"end":{"line":32,"column":5}},"line":27},"10":{"name":"fulfilled","decl":{"start":{"line":28,"column":17},"end":{"line":28,"column":26}},"loc":{"start":{"line":28,"column":34},"end":{"line":28,"column":99}},"line":28},"11":{"name":"rejected","decl":{"start":{"line":29,"column":17},"end":{"line":29,"column":25}},"loc":{"start":{"line":29,"column":33},"end":{"line":29,"column":102}},"line":29},"12":{"name":"step","decl":{"start":{"line":30,"column":17},"end":{"line":30,"column":21}},"loc":{"start":{"line":30,"column":30},"end":{"line":30,"column":118}},"line":30},"13":{"name":"(anonymous_13)","decl":{"start":{"line":34,"column":48},"end":{"line":34,"column":49}},"loc":{"start":{"line":34,"column":73},"end":{"line":60,"column":1}},"line":34},"14":{"name":"(anonymous_14)","decl":{"start":{"line":35,"column":30},"end":{"line":35,"column":31}},"loc":{"start":{"line":35,"column":41},"end":{"line":35,"column":83}},"line":35},"15":{"name":"(anonymous_15)","decl":{"start":{"line":36,"column":128},"end":{"line":36,"column":129}},"loc":{"start":{"line":36,"column":139},"end":{"line":36,"column":155}},"line":36},"16":{"name":"verb","decl":{"start":{"line":37,"column":13},"end":{"line":37,"column":17}},"loc":{"start":{"line":37,"column":21},"end":{"line":37,"column":70}},"line":37},"17":{"name":"(anonymous_17)","decl":{"start":{"line":37,"column":30},"end":{"line":37,"column":31}},"loc":{"start":{"line":37,"column":43},"end":{"line":37,"column":67}},"line":37},"18":{"name":"step","decl":{"start":{"line":38,"column":13},"end":{"line":38,"column":17}},"loc":{"start":{"line":38,"column":22},"end":{"line":59,"column":5}},"line":38},"19":{"name":"(anonymous_19)","decl":{"start":{"line":61,"column":56},"end":{"line":61,"column":57}},"loc":{"start":{"line":61,"column":71},"end":{"line":63,"column":1}},"line":61},"20":{"name":"connectDB","decl":{"start":{"line":76,"column":9},"end":{"line":76,"column":18}},"loc":{"start":{"line":76,"column":21},"end":{"line":102,"column":1}},"line":76},"21":{"name":"(anonymous_21)","decl":{"start":{"line":77,"column":43},"end":{"line":77,"column":44}},"loc":{"start":{"line":77,"column":55},"end":{"line":101,"column":5}},"line":77},"22":{"name":"(anonymous_22)","decl":{"start":{"line":79,"column":33},"end":{"line":79,"column":34}},"loc":{"start":{"line":79,"column":47},"end":{"line":100,"column":9}},"line":79}},"branchMap":{"0":{"loc":{"start":{"line":2,"column":22},"end":{"line":12,"column":3}},"type":"binary-expr","locations":[{"start":{"line":2,"column":23},"end":{"line":2,"column":27}},{"start":{"line":2,"column":31},"end":{"line":2,"column":51}},{"start":{"line":2,"column":57},"end":{"line":12,"column":2}}],"line":2},"1":{"loc":{"start":{"line":2,"column":57},"end":{"line":12,"column":2}},"type":"cond-expr","locations":[{"start":{"line":2,"column":74},"end":{"line":9,"column":1}},{"start":{"line":9,"column":6},"end":{"line":12,"column":1}}],"line":2},"2":{"loc":{"start":{"line":3,"column":4},"end":{"line":3,"column":33}},"type":"if","locations":[{"start":{"line":3,"column":4},"end":{"line":3,"column":33}},{"start":{},"end":{}}],"line":3},"3":{"loc":{"start":{"line":5,"column":4},"end":{"line":7,"column":5}},"type":"if","locations":[{"start":{"line":5,"column":4},"end":{"line":7,"column":5}},{"start":{},"end":{}}],"line":5},"4":{"loc":{"start":{"line":5,"column":8},"end":{"line":5,"column":85}},"type":"binary-expr","locations":[{"start":{"line":5,"column":8},"end":{"line":5,"column":13}},{"start":{"line":5,"column":18},"end":{"line":5,"column":84}}],"line":5},"5":{"loc":{"start":{"line":5,"column":18},"end":{"line":5,"column":84}},"type":"cond-expr","locations":[{"start":{"line":5,"column":34},"end":{"line":5,"column":47}},{"start":{"line":5,"column":50},"end":{"line":5,"column":84}}],"line":5},"6":{"loc":{"start":{"line":5,"column":50},"end":{"line":5,"column":84}},"type":"binary-expr","locations":[{"start":{"line":5,"column":50},"end":{"line":5,"column":63}},{"start":{"line":5,"column":67},"end":{"line":5,"column":84}}],"line":5},"7":{"loc":{"start":{"line":10,"column":4},"end":{"line":10,"column":33}},"type":"if","locations":[{"start":{"line":10,"column":4},"end":{"line":10,"column":33}},{"start":{},"end":{}}],"line":10},"8":{"loc":{"start":{"line":13,"column":25},"end":{"line":17,"column":2}},"type":"binary-expr","locations":[{"start":{"line":13,"column":26},"end":{"line":13,"column":30}},{"start":{"line":13,"column":34},"end":{"line":13,"column":57}},{"start":{"line":13,"column":63},"end":{"line":17,"column":1}}],"line":13},"9":{"loc":{"start":{"line":13,"column":63},"end":{"line":17,"column":1}},"type":"cond-expr","locations":[{"start":{"line":13,"column":80},"end":{"line":15,"column":1}},{"start":{"line":15,"column":5},"end":{"line":17,"column":1}}],"line":13},"10":{"loc":{"start":{"line":18,"column":19},"end":{"line":24,"column":1}},"type":"binary-expr","locations":[{"start":{"line":18,"column":20},"end":{"line":18,"column":24}},{"start":{"line":18,"column":28},"end":{"line":18,"column":45}},{"start":{"line":18,"column":50},"end":{"line":24,"column":1}}],"line":18},"11":{"loc":{"start":{"line":19,"column":4},"end":{"line":19,"column":42}},"type":"if","locations":[{"start":{"line":19,"column":4},"end":{"line":19,"column":42}},{"start":{},"end":{}}],"line":19},"12":{"loc":{"start":{"line":19,"column":8},"end":{"line":19,"column":29}},"type":"binary-expr","locations":[{"start":{"line":19,"column":8},"end":{"line":19,"column":11}},{"start":{"line":19,"column":15},"end":{"line":19,"column":29}}],"line":19},"13":{"loc":{"start":{"line":21,"column":4},"end":{"line":21,"column":141}},"type":"if","locations":[{"start":{"line":21,"column":4},"end":{"line":21,"column":141}},{"start":{},"end":{}}],"line":21},"14":{"loc":{"start":{"line":21,"column":40},"end":{"line":21,"column":141}},"type":"if","locations":[{"start":{"line":21,"column":40},"end":{"line":21,"column":141}},{"start":{},"end":{}}],"line":21},"15":{"loc":{"start":{"line":21,"column":44},"end":{"line":21,"column":107}},"type":"binary-expr","locations":[{"start":{"line":21,"column":44},"end":{"line":21,"column":59}},{"start":{"line":21,"column":63},"end":{"line":21,"column":107}}],"line":21},"16":{"loc":{"start":{"line":25,"column":16},"end":{"line":33,"column":1}},"type":"binary-expr","locations":[{"start":{"line":25,"column":17},"end":{"line":25,"column":21}},{"start":{"line":25,"column":25},"end":{"line":25,"column":39}},{"start":{"line":25,"column":44},"end":{"line":33,"column":1}}],"line":25},"17":{"loc":{"start":{"line":26,"column":35},"end":{"line":26,"column":109}},"type":"cond-expr","locations":[{"start":{"line":26,"column":56},"end":{"line":26,"column":61}},{"start":{"line":26,"column":64},"end":{"line":26,"column":109}}],"line":26},"18":{"loc":{"start":{"line":27,"column":16},"end":{"line":27,"column":34}},"type":"binary-expr","locations":[{"start":{"line":27,"column":16},"end":{"line":27,"column":17}},{"start":{"line":27,"column":22},"end":{"line":27,"column":33}}],"line":27},"19":{"loc":{"start":{"line":30,"column":32},"end":{"line":30,"column":115}},"type":"cond-expr","locations":[{"start":{"line":30,"column":46},"end":{"line":30,"column":67}},{"start":{"line":30,"column":70},"end":{"line":30,"column":115}}],"line":30},"20":{"loc":{"start":{"line":31,"column":51},"end":{"line":31,"column":67}},"type":"binary-expr","locations":[{"start":{"line":31,"column":51},"end":{"line":31,"column":61}},{"start":{"line":31,"column":65},"end":{"line":31,"column":67}}],"line":31},"21":{"loc":{"start":{"line":34,"column":18},"end":{"line":60,"column":1}},"type":"binary-expr","locations":[{"start":{"line":34,"column":19},"end":{"line":34,"column":23}},{"start":{"line":34,"column":27},"end":{"line":34,"column":43}},{"start":{"line":34,"column":48},"end":{"line":60,"column":1}}],"line":34},"22":{"loc":{"start":{"line":35,"column":43},"end":{"line":35,"column":68}},"type":"if","locations":[{"start":{"line":35,"column":43},"end":{"line":35,"column":68}},{"start":{},"end":{}}],"line":35},"23":{"loc":{"start":{"line":35,"column":134},"end":{"line":35,"column":184}},"type":"cond-expr","locations":[{"start":{"line":35,"column":167},"end":{"line":35,"column":175}},{"start":{"line":35,"column":178},"end":{"line":35,"column":184}}],"line":35},"24":{"loc":{"start":{"line":36,"column":74},"end":{"line":36,"column":156}},"type":"binary-expr","locations":[{"start":{"line":36,"column":74},"end":{"line":36,"column":102}},{"start":{"line":36,"column":107},"end":{"line":36,"column":155}}],"line":36},"25":{"loc":{"start":{"line":39,"column":8},"end":{"line":39,"column":70}},"type":"if","locations":[{"start":{"line":39,"column":8},"end":{"line":39,"column":70}},{"start":{},"end":{}}],"line":39},"26":{"loc":{"start":{"line":40,"column":15},"end":{"line":40,"column":45}},"type":"binary-expr","locations":[{"start":{"line":40,"column":15},"end":{"line":40,"column":16}},{"start":{"line":40,"column":21},"end":{"line":40,"column":44}}],"line":40},"27":{"loc":{"start":{"line":40,"column":28},"end":{"line":40,"column":44}},"type":"binary-expr","locations":[{"start":{"line":40,"column":28},"end":{"line":40,"column":33}},{"start":{"line":40,"column":38},"end":{"line":40,"column":43}}],"line":40},"28":{"loc":{"start":{"line":41,"column":12},"end":{"line":41,"column":169}},"type":"if","locations":[{"start":{"line":41,"column":12},"end":{"line":41,"column":169}},{"start":{},"end":{}}],"line":41},"29":{"loc":{"start":{"line":41,"column":23},"end":{"line":41,"column":158}},"type":"binary-expr","locations":[{"start":{"line":41,"column":23},"end":{"line":41,"column":24}},{"start":{"line":41,"column":29},"end":{"line":41,"column":125}},{"start":{"line":41,"column":130},"end":{"line":41,"column":158}}],"line":41},"30":{"loc":{"start":{"line":41,"column":33},"end":{"line":41,"column":125}},"type":"cond-expr","locations":[{"start":{"line":41,"column":45},"end":{"line":41,"column":56}},{"start":{"line":41,"column":59},"end":{"line":41,"column":125}}],"line":41},"31":{"loc":{"start":{"line":41,"column":59},"end":{"line":41,"column":125}},"type":"cond-expr","locations":[{"start":{"line":41,"column":67},"end":{"line":41,"column":116}},{"start":{"line":41,"column":119},"end":{"line":41,"column":125}}],"line":41},"32":{"loc":{"start":{"line":41,"column":67},"end":{"line":41,"column":116}},"type":"binary-expr","locations":[{"start":{"line":41,"column":67},"end":{"line":41,"column":77}},{"start":{"line":41,"column":82},"end":{"line":41,"column":115}}],"line":41},"33":{"loc":{"start":{"line":41,"column":82},"end":{"line":41,"column":112}},"type":"binary-expr","locations":[{"start":{"line":41,"column":83},"end":{"line":41,"column":98}},{"start":{"line":41,"column":103},"end":{"line":41,"column":112}}],"line":41},"34":{"loc":{"start":{"line":42,"column":12},"end":{"line":42,"column":52}},"type":"if","locations":[{"start":{"line":42,"column":12},"end":{"line":42,"column":52}},{"start":{},"end":{}}],"line":42},"35":{"loc":{"start":{"line":43,"column":12},"end":{"line":55,"column":13}},"type":"switch","locations":[{"start":{"line":44,"column":16},"end":{"line":44,"column":23}},{"start":{"line":44,"column":24},"end":{"line":44,"column":46}},{"start":{"line":45,"column":16},"end":{"line":45,"column":72}},{"start":{"line":46,"column":16},"end":{"line":46,"column":65}},{"start":{"line":47,"column":16},"end":{"line":47,"column":65}},{"start":{"line":48,"column":16},"end":{"line":54,"column":43}}],"line":43},"36":{"loc":{"start":{"line":49,"column":20},"end":{"line":49,"column":128}},"type":"if","locations":[{"start":{"line":49,"column":20},"end":{"line":49,"column":128}},{"start":{},"end":{}}],"line":49},"37":{"loc":{"start":{"line":49,"column":24},"end":{"line":49,"column":106}},"type":"binary-expr","locations":[{"start":{"line":49,"column":24},"end":{"line":49,"column":74}},{"start":{"line":49,"column":79},"end":{"line":49,"column":90}},{"start":{"line":49,"column":94},"end":{"line":49,"column":105}}],"line":49},"38":{"loc":{"start":{"line":49,"column":42},"end":{"line":49,"column":73}},"type":"binary-expr","locations":[{"start":{"line":49,"column":42},"end":{"line":49,"column":54}},{"start":{"line":49,"column":58},"end":{"line":49,"column":73}}],"line":49},"39":{"loc":{"start":{"line":50,"column":20},"end":{"line":50,"column":106}},"type":"if","locations":[{"start":{"line":50,"column":20},"end":{"line":50,"column":106}},{"start":{},"end":{}}],"line":50},"40":{"loc":{"start":{"line":50,"column":24},"end":{"line":50,"column":77}},"type":"binary-expr","locations":[{"start":{"line":50,"column":24},"end":{"line":50,"column":35}},{"start":{"line":50,"column":40},"end":{"line":50,"column":42}},{"start":{"line":50,"column":47},"end":{"line":50,"column":59}},{"start":{"line":50,"column":63},"end":{"line":50,"column":75}}],"line":50},"41":{"loc":{"start":{"line":51,"column":20},"end":{"line":51,"column":89}},"type":"if","locations":[{"start":{"line":51,"column":20},"end":{"line":51,"column":89}},{"start":{},"end":{}}],"line":51},"42":{"loc":{"start":{"line":51,"column":24},"end":{"line":51,"column":53}},"type":"binary-expr","locations":[{"start":{"line":51,"column":24},"end":{"line":51,"column":35}},{"start":{"line":51,"column":39},"end":{"line":51,"column":53}}],"line":51},"43":{"loc":{"start":{"line":52,"column":20},"end":{"line":52,"column":87}},"type":"if","locations":[{"start":{"line":52,"column":20},"end":{"line":52,"column":87}},{"start":{},"end":{}}],"line":52},"44":{"loc":{"start":{"line":52,"column":24},"end":{"line":52,"column":43}},"type":"binary-expr","locations":[{"start":{"line":52,"column":24},"end":{"line":52,"column":25}},{"start":{"line":52,"column":29},"end":{"line":52,"column":43}}],"line":52},"45":{"loc":{"start":{"line":53,"column":20},"end":{"line":53,"column":42}},"type":"if","locations":[{"start":{"line":53,"column":20},"end":{"line":53,"column":42}},{"start":{},"end":{}}],"line":53},"46":{"loc":{"start":{"line":58,"column":8},"end":{"line":58,"column":35}},"type":"if","locations":[{"start":{"line":58,"column":8},"end":{"line":58,"column":35}},{"start":{},"end":{}}],"line":58},"47":{"loc":{"start":{"line":58,"column":52},"end":{"line":58,"column":74}},"type":"cond-expr","locations":[{"start":{"line":58,"column":60},"end":{"line":58,"column":65}},{"start":{"line":58,"column":68},"end":{"line":58,"column":74}}],"line":58},"48":{"loc":{"start":{"line":61,"column":22},"end":{"line":63,"column":1}},"type":"binary-expr","locations":[{"start":{"line":61,"column":23},"end":{"line":61,"column":27}},{"start":{"line":61,"column":31},"end":{"line":61,"column":51}},{"start":{"line":61,"column":56},"end":{"line":63,"column":1}}],"line":61},"49":{"loc":{"start":{"line":62,"column":11},"end":{"line":62,"column":61}},"type":"cond-expr","locations":[{"start":{"line":62,"column":37},"end":{"line":62,"column":40}},{"start":{"line":62,"column":43},"end":{"line":62,"column":61}}],"line":62},"50":{"loc":{"start":{"line":62,"column":12},"end":{"line":62,"column":33}},"type":"binary-expr","locations":[{"start":{"line":62,"column":12},"end":{"line":62,"column":15}},{"start":{"line":62,"column":19},"end":{"line":62,"column":33}}],"line":62},"51":{"loc":{"start":{"line":80,"column":12},"end":{"line":99,"column":13}},"type":"switch","locations":[{"start":{"line":81,"column":16},"end":{"line":81,"column":101}},{"start":{"line":82,"column":16},"end":{"line":89,"column":54}},{"start":{"line":90,"column":16},"end":{"line":92,"column":33}},{"start":{"line":93,"column":16},"end":{"line":95,"column":33}},{"start":{"line":96,"column":16},"end":{"line":98,"column":60}}],"line":80},"52":{"loc":{"start":{"line":84,"column":20},"end":{"line":84,"column":64}},"type":"if","locations":[{"start":{"line":84,"column":20},"end":{"line":84,"column":64}},{"start":{},"end":{}}],"line":84},"53":{"loc":{"start":{"line":86,"column":20},"end":{"line":86,"column":62}},"type":"if","locations":[{"start":{"line":86,"column":20},"end":{"line":86,"column":62}},{"start":{},"end":{}}],"line":86}},"s":{"0":1,"1":78,"2":78,"3":78,"4":78,"5":76,"6":0,"7":78,"8":0,"9":0,"10":0,"11":1,"12":1,"13":0,"14":1,"15":1,"16":0,"17":1,"18":1,"19":1,"20":92,"21":78,"22":1,"23":1,"24":1,"25":0,"26":0,"27":0,"28":0,"29":0,"30":0,"31":0,"32":0,"33":0,"34":0,"35":0,"36":1,"37":0,"38":0,"39":0,"40":0,"41":0,"42":0,"43":0,"44":0,"45":0,"46":0,"47":0,"48":0,"49":0,"50":0,"51":0,"52":0,"53":0,"54":0,"55":0,"56":0,"57":0,"58":0,"59":0,"60":0,"61":0,"62":0,"63":0,"64":0,"65":0,"66":0,"67":0,"68":0,"69":0,"70":0,"71":0,"72":0,"73":0,"74":0,"75":0,"76":0,"77":0,"78":0,"79":0,"80":0,"81":0,"82":0,"83":0,"84":0,"85":0,"86":0,"87":0,"88":0,"89":0,"90":0,"91":1,"92":4,"93":1,"94":1,"95":1,"96":1,"97":1,"98":1,"99":1,"100":1,"101":1,"102":1,"103":0,"104":0,"105":0,"106":0,"107":0,"108":0,"109":0,"110":0,"111":0,"112":0,"113":0,"114":0,"115":0,"116":0,"117":0,"118":0,"119":0,"120":0,"121":0},"f":{"0":78,"1":0,"2":0,"3":1,"4":0,"5":1,"6":0,"7":0,"8":0,"9":0,"10":0,"11":0,"12":0,"13":0,"14":0,"15":0,"16":0,"17":0,"18":0,"19":4,"20":0,"21":0,"22":0},"b":{"0":[1,1,1],"1":[1,0],"2":[78,0],"3":[76,2],"4":[78,78],"5":[8,70],"6":[70,11],"7":[0,0],"8":[1,1,1],"9":[1,0],"10":[1,1,1],"11":[0,1],"12":[1,1],"13":[1,0],"14":[78,14],"15":[92,92],"16":[1,1,1],"17":[0,0],"18":[0,0],"19":[0,0],"20":[0,0],"21":[1,1,1],"22":[0,0],"23":[0,0],"24":[0,0],"25":[0,0],"26":[0,0],"27":[0,0],"28":[0,0],"29":[0,0,0],"30":[0,0],"31":[0,0],"32":[0,0],"33":[0,0],"34":[0,0],"35":[0,0,0,0,0,0],"36":[0,0],"37":[0,0,0],"38":[0,0],"39":[0,0],"40":[0,0,0,0],"41":[0,0],"42":[0,0],"43":[0,0],"44":[0,0],"45":[0,0],"46":[0,0],"47":[0,0],"48":[1,1,1],"49":[4,0],"50":[4,4],"51":[0,0,0,0,0],"52":[0,0],"53":[0,0]},"inputSourceMap":{"version":3,"file":"/Users/moty/Documents/GitHub/tree-nodejs-typescript-postgresql/config/database/index.ts","sources":["/Users/moty/Documents/GitHub/tree-nodejs-typescript-postgresql/config/database/index.ts"],"names":[],"mappings":";;;;;;;;;;;;;;;;;;;;;;;;;;;;;;;;;;;;;;;;;;;;;;;;;;;;;;;;;;;;;;;;;AAYA,8BAiBC;AA7BD,iEAA+D;AAC/D,0DAAoC;AACpC,qDAA+B;AAC/B,+CAAmC;AACnC,4DAAsC;AAEzB,QAAA,QAAQ,GAAa,IAAA,mBAAe,EAAC;IAC9C,WAAW,EAAE,aAAG,CAAC,GAAG,CAAS,QAAQ,CAAC;CACzC,CAAC,CAAC;AAEH,IAAI,KAAK,GAAG,CAAC,CAAC;AAEd,SAAsB,SAAS;;;;;wBACX,qBAAM,oBAAU,CAAC,KAAK,CAAC,gBAAQ,CAAC,OAAO,EAAE,CAAC,EAAA;;oBAApD,KAAU,SAA0C,EAAjD,GAAG,QAAA;yBAER,CAAA,GAAG,IAAI,IAAI,CAAA,EAAX,wBAAW;oBACX,gBAAM,CAAC,KAAK,CAAC,GAAG,CAAC,CAAC;yBACd,CAAA,KAAK,GAAG,CAAC,CAAA,EAAT,wBAAS;oBACT,gBAAM,CAAC,KAAK,CAAC,qDAA8C,KAAK,WAAQ,CAAC,CAAC;oBAC1E,KAAK,IAAI,CAAC,CAAC;oBACX,qBAAM,SAAS,EAAE,EAAA;;oBAAjB,SAAiB,CAAC;;;oBAGtB,OAAO,CAAC,IAAI,CAAC,CAAC,CAAC,CAAC;;;oBAGpB,gBAAM,CAAC,IAAI,CAAC,gCAAgC,CAAC,CAAC;oBAE9C,sBAAO,gBAAQ,EAAC;;;;CACnB","sourcesContent":["import sqlQuestFactory, { SqlQuest } from '@bitreel/sql-quest';\nimport Deasyncify from 'deasyncify';\nimport logger from '../logger';\nimport * as process from 'process';\nimport Env from '../../utils/env/env';\n\nexport const sqlQuest: SqlQuest = sqlQuestFactory({\n    databaseUrl: Env.get<string>('DB_URL')\n});\n\nlet retry = 3;\n\nexport async function connectDB(): Promise<SqlQuest> {\n    const [, err] = await Deasyncify.watch(sqlQuest.connect());\n\n    if (err != null) {\n        logger.error(err);\n        if (retry > 0) {\n            logger.error(`Error connecting to database, retrying... (${retry} left)`);\n            retry -= 1;\n            await connectDB();\n        }\n\n        process.exit(1);\n    }\n\n    logger.info('Connected to postgres database');\n\n    return sqlQuest;\n}\n"]},"_coverageSchema":"1a1c01bbd47fc00a2c39e90264f33305004495a9","hash":"24dc51708d34d98b8fef1b2c54f3eab5ac893904","contentHash":"29671dead468f8dfb2c266c5b7ac162511e569f95a362c6f49afba5e28ab799f"},"/Users/moty/Documents/GitHub/tree-nodejs-typescript-postgresql/utils/env/env.ts":{"path":"/Users/moty/Documents/GitHub/tree-nodejs-typescript-postgresql/utils/env/env.ts","statementMap":{"0":{"start":{"line":2,"column":16},"end":{"line":10,"column":1}},"1":{"start":{"line":3,"column":28},"end":{"line":3,"column":110}},"2":{"start":{"line":3,"column":91},"end":{"line":3,"column":106}},"3":{"start":{"line":4,"column":4},"end":{"line":9,"column":7}},"4":{"start":{"line":5,"column":36},"end":{"line":5,"column":97}},"5":{"start":{"line":5,"column":42},"end":{"line":5,"column":70}},"6":{"start":{"line":5,"column":85},"end":{"line":5,"column":95}},"7":{"start":{"line":6,"column":35},"end":{"line":6,"column":100}},"8":{"start":{"line":6,"column":41},"end":{"line":6,"column":73}},"9":{"start":{"line":6,"column":88},"end":{"line":6,"column":98}},"10":{"start":{"line":7,"column":32},"end":{"line":7,"column":116}},"11":{"start":{"line":8,"column":8},"end":{"line":8,"column":78}},"12":{"start":{"line":11,"column":18},"end":{"line":37,"column":1}},"13":{"start":{"line":12,"column":12},"end":{"line":12,"column":104}},"14":{"start":{"line":12,"column":43},"end":{"line":12,"column":68}},"15":{"start":{"line":12,"column":57},"end":{"line":12,"column":68}},"16":{"start":{"line":12,"column":69},"end":{"line":12,"column":81}},"17":{"start":{"line":12,"column":119},"end":{"line":12,"column":196}},"18":{"start":{"line":13,"column":4},"end":{"line":13,"column":160}},"19":{"start":{"line":13,"column":141},"end":{"line":13,"column":153}},"20":{"start":{"line":14,"column":23},"end":{"line":14,"column":68}},"21":{"start":{"line":14,"column":45},"end":{"line":14,"column":65}},"22":{"start":{"line":16,"column":8},"end":{"line":16,"column":70}},"23":{"start":{"line":16,"column":15},"end":{"line":16,"column":70}},"24":{"start":{"line":17,"column":8},"end":{"line":34,"column":66}},"25":{"start":{"line":17,"column":50},"end":{"line":34,"column":66}},"26":{"start":{"line":18,"column":12},"end":{"line":18,"column":169}},"27":{"start":{"line":18,"column":160},"end":{"line":18,"column":169}},"28":{"start":{"line":19,"column":12},"end":{"line":19,"column":52}},"29":{"start":{"line":19,"column":26},"end":{"line":19,"column":52}},"30":{"start":{"line":20,"column":12},"end":{"line":32,"column":13}},"31":{"start":{"line":21,"column":32},"end":{"line":21,"column":39}},"32":{"start":{"line":21,"column":40},"end":{"line":21,"column":46}},"33":{"start":{"line":22,"column":24},"end":{"line":22,"column":34}},"34":{"start":{"line":22,"column":35},"end":{"line":22,"column":72}},"35":{"start":{"line":23,"column":24},"end":{"line":23,"column":34}},"36":{"start":{"line":23,"column":35},"end":{"line":23,"column":45}},"37":{"start":{"line":23,"column":46},"end":{"line":23,"column":55}},"38":{"start":{"line":23,"column":56},"end":{"line":23,"column":65}},"39":{"start":{"line":24,"column":24},"end":{"line":24,"column":41}},"40":{"start":{"line":24,"column":42},"end":{"line":24,"column":55}},"41":{"start":{"line":24,"column":56},"end":{"line":24,"column":65}},"42":{"start":{"line":26,"column":20},"end":{"line":26,"column":128}},"43":{"start":{"line":26,"column":110},"end":{"line":26,"column":116}},"44":{"start":{"line":26,"column":117},"end":{"line":26,"column":126}},"45":{"start":{"line":27,"column":20},"end":{"line":27,"column":106}},"46":{"start":{"line":27,"column":81},"end":{"line":27,"column":97}},"47":{"start":{"line":27,"column":98},"end":{"line":27,"column":104}},"48":{"start":{"line":28,"column":20},"end":{"line":28,"column":89}},"49":{"start":{"line":28,"column":57},"end":{"line":28,"column":72}},"50":{"start":{"line":28,"column":73},"end":{"line":28,"column":80}},"51":{"start":{"line":28,"column":81},"end":{"line":28,"column":87}},"52":{"start":{"line":29,"column":20},"end":{"line":29,"column":87}},"53":{"start":{"line":29,"column":47},"end":{"line":29,"column":62}},"54":{"start":{"line":29,"column":63},"end":{"line":29,"column":78}},"55":{"start":{"line":29,"column":79},"end":{"line":29,"column":85}},"56":{"start":{"line":30,"column":20},"end":{"line":30,"column":42}},"57":{"start":{"line":30,"column":30},"end":{"line":30,"column":42}},"58":{"start":{"line":31,"column":20},"end":{"line":31,"column":33}},"59":{"start":{"line":31,"column":34},"end":{"line":31,"column":43}},"60":{"start":{"line":33,"column":12},"end":{"line":33,"column":39}},"61":{"start":{"line":34,"column":22},"end":{"line":34,"column":34}},"62":{"start":{"line":34,"column":35},"end":{"line":34,"column":41}},"63":{"start":{"line":34,"column":54},"end":{"line":34,"column":64}},"64":{"start":{"line":35,"column":8},"end":{"line":35,"column":35}},"65":{"start":{"line":35,"column":23},"end":{"line":35,"column":35}},"66":{"start":{"line":35,"column":36},"end":{"line":35,"column":89}},"67":{"start":{"line":38,"column":22},"end":{"line":40,"column":1}},"68":{"start":{"line":39,"column":4},"end":{"line":39,"column":62}},"69":{"start":{"line":41,"column":0},"end":{"line":41,"column":62}},"70":{"start":{"line":42,"column":12},"end":{"line":42,"column":56}},"71":{"start":{"line":43,"column":25},"end":{"line":73,"column":3}},"72":{"start":{"line":46,"column":4},"end":{"line":65,"column":6}},"73":{"start":{"line":47,"column":8},"end":{"line":64,"column":11}},"74":{"start":{"line":49,"column":12},"end":{"line":63,"column":15}},"75":{"start":{"line":50,"column":16},"end":{"line":62,"column":17}},"76":{"start":{"line":52,"column":24},"end":{"line":52,"column":50}},"77":{"start":{"line":53,"column":24},"end":{"line":53,"column":34}},"78":{"start":{"line":54,"column":24},"end":{"line":54,"column":89}},"79":{"start":{"line":56,"column":24},"end":{"line":56,"column":52}},"80":{"start":{"line":57,"column":24},"end":{"line":57,"column":48}},"81":{"start":{"line":59,"column":24},"end":{"line":59,"column":40}},"82":{"start":{"line":60,"column":24},"end":{"line":60,"column":34}},"83":{"start":{"line":61,"column":28},"end":{"line":61,"column":50}},"84":{"start":{"line":66,"column":4},"end":{"line":71,"column":6}},"85":{"start":{"line":68,"column":8},"end":{"line":69,"column":42}},"86":{"start":{"line":69,"column":12},"end":{"line":69,"column":42}},"87":{"start":{"line":70,"column":8},"end":{"line":70,"column":34}},"88":{"start":{"line":72,"column":4},"end":{"line":72,"column":15}},"89":{"start":{"line":74,"column":0},"end":{"line":74,"column":22}}},"fnMap":{"0":{"name":"(anonymous_0)","decl":{"start":{"line":2,"column":44},"end":{"line":2,"column":45}},"loc":{"start":{"line":2,"column":89},"end":{"line":10,"column":1}},"line":2},"1":{"name":"adopt","decl":{"start":{"line":3,"column":13},"end":{"line":3,"column":18}},"loc":{"start":{"line":3,"column":26},"end":{"line":3,"column":112}},"line":3},"2":{"name":"(anonymous_2)","decl":{"start":{"line":3,"column":70},"end":{"line":3,"column":71}},"loc":{"start":{"line":3,"column":89},"end":{"line":3,"column":108}},"line":3},"3":{"name":"(anonymous_3)","decl":{"start":{"line":4,"column":36},"end":{"line":4,"column":37}},"loc":{"start":{"line":4,"column":63},"end":{"line":9,"column":5}},"line":4},"4":{"name":"fulfilled","decl":{"start":{"line":5,"column":17},"end":{"line":5,"column":26}},"loc":{"start":{"line":5,"column":34},"end":{"line":5,"column":99}},"line":5},"5":{"name":"rejected","decl":{"start":{"line":6,"column":17},"end":{"line":6,"column":25}},"loc":{"start":{"line":6,"column":33},"end":{"line":6,"column":102}},"line":6},"6":{"name":"step","decl":{"start":{"line":7,"column":17},"end":{"line":7,"column":21}},"loc":{"start":{"line":7,"column":30},"end":{"line":7,"column":118}},"line":7},"7":{"name":"(anonymous_7)","decl":{"start":{"line":11,"column":48},"end":{"line":11,"column":49}},"loc":{"start":{"line":11,"column":73},"end":{"line":37,"column":1}},"line":11},"8":{"name":"(anonymous_8)","decl":{"start":{"line":12,"column":30},"end":{"line":12,"column":31}},"loc":{"start":{"line":12,"column":41},"end":{"line":12,"column":83}},"line":12},"9":{"name":"(anonymous_9)","decl":{"start":{"line":13,"column":128},"end":{"line":13,"column":129}},"loc":{"start":{"line":13,"column":139},"end":{"line":13,"column":155}},"line":13},"10":{"name":"verb","decl":{"start":{"line":14,"column":13},"end":{"line":14,"column":17}},"loc":{"start":{"line":14,"column":21},"end":{"line":14,"column":70}},"line":14},"11":{"name":"(anonymous_11)","decl":{"start":{"line":14,"column":30},"end":{"line":14,"column":31}},"loc":{"start":{"line":14,"column":43},"end":{"line":14,"column":67}},"line":14},"12":{"name":"step","decl":{"start":{"line":15,"column":13},"end":{"line":15,"column":17}},"loc":{"start":{"line":15,"column":22},"end":{"line":36,"column":5}},"line":15},"13":{"name":"(anonymous_13)","decl":{"start":{"line":38,"column":56},"end":{"line":38,"column":57}},"loc":{"start":{"line":38,"column":71},"end":{"line":40,"column":1}},"line":38},"14":{"name":"(anonymous_14)","decl":{"start":{"line":43,"column":25},"end":{"line":43,"column":26}},"loc":{"start":{"line":43,"column":37},"end":{"line":73,"column":1}},"line":43},"15":{"name":"Env","decl":{"start":{"line":44,"column":13},"end":{"line":44,"column":16}},"loc":{"start":{"line":44,"column":19},"end":{"line":45,"column":5}},"line":44},"16":{"name":"(anonymous_16)","decl":{"start":{"line":46,"column":22},"end":{"line":46,"column":23}},"loc":{"start":{"line":46,"column":50},"end":{"line":65,"column":5}},"line":46},"17":{"name":"(anonymous_17)","decl":{"start":{"line":47,"column":47},"end":{"line":47,"column":48}},"loc":{"start":{"line":47,"column":59},"end":{"line":64,"column":9}},"line":47},"18":{"name":"(anonymous_18)","decl":{"start":{"line":49,"column":37},"end":{"line":49,"column":38}},"loc":{"start":{"line":49,"column":51},"end":{"line":63,"column":13}},"line":49},"19":{"name":"(anonymous_19)","decl":{"start":{"line":66,"column":14},"end":{"line":66,"column":15}},"loc":{"start":{"line":66,"column":29},"end":{"line":71,"column":5}},"line":66}},"branchMap":{"0":{"loc":{"start":{"line":2,"column":16},"end":{"line":10,"column":1}},"type":"binary-expr","locations":[{"start":{"line":2,"column":17},"end":{"line":2,"column":21}},{"start":{"line":2,"column":25},"end":{"line":2,"column":39}},{"start":{"line":2,"column":44},"end":{"line":10,"column":1}}],"line":2},"1":{"loc":{"start":{"line":3,"column":35},"end":{"line":3,"column":109}},"type":"cond-expr","locations":[{"start":{"line":3,"column":56},"end":{"line":3,"column":61}},{"start":{"line":3,"column":64},"end":{"line":3,"column":109}}],"line":3},"2":{"loc":{"start":{"line":4,"column":16},"end":{"line":4,"column":34}},"type":"binary-expr","locations":[{"start":{"line":4,"column":16},"end":{"line":4,"column":17}},{"start":{"line":4,"column":22},"end":{"line":4,"column":33}}],"line":4},"3":{"loc":{"start":{"line":7,"column":32},"end":{"line":7,"column":115}},"type":"cond-expr","locations":[{"start":{"line":7,"column":46},"end":{"line":7,"column":67}},{"start":{"line":7,"column":70},"end":{"line":7,"column":115}}],"line":7},"4":{"loc":{"start":{"line":8,"column":51},"end":{"line":8,"column":67}},"type":"binary-expr","locations":[{"start":{"line":8,"column":51},"end":{"line":8,"column":61}},{"start":{"line":8,"column":65},"end":{"line":8,"column":67}}],"line":8},"5":{"loc":{"start":{"line":11,"column":18},"end":{"line":37,"column":1}},"type":"binary-expr","locations":[{"start":{"line":11,"column":19},"end":{"line":11,"column":23}},{"start":{"line":11,"column":27},"end":{"line":11,"column":43}},{"start":{"line":11,"column":48},"end":{"line":37,"column":1}}],"line":11},"6":{"loc":{"start":{"line":12,"column":43},"end":{"line":12,"column":68}},"type":"if","locations":[{"start":{"line":12,"column":43},"end":{"line":12,"column":68}},{"start":{},"end":{}}],"line":12},"7":{"loc":{"start":{"line":12,"column":134},"end":{"line":12,"column":184}},"type":"cond-expr","locations":[{"start":{"line":12,"column":167},"end":{"line":12,"column":175}},{"start":{"line":12,"column":178},"end":{"line":12,"column":184}}],"line":12},"8":{"loc":{"start":{"line":13,"column":74},"end":{"line":13,"column":156}},"type":"binary-expr","locations":[{"start":{"line":13,"column":74},"end":{"line":13,"column":102}},{"start":{"line":13,"column":107},"end":{"line":13,"column":155}}],"line":13},"9":{"loc":{"start":{"line":16,"column":8},"end":{"line":16,"column":70}},"type":"if","locations":[{"start":{"line":16,"column":8},"end":{"line":16,"column":70}},{"start":{},"end":{}}],"line":16},"10":{"loc":{"start":{"line":17,"column":15},"end":{"line":17,"column":45}},"type":"binary-expr","locations":[{"start":{"line":17,"column":15},"end":{"line":17,"column":16}},{"start":{"line":17,"column":21},"end":{"line":17,"column":44}}],"line":17},"11":{"loc":{"start":{"line":17,"column":28},"end":{"line":17,"column":44}},"type":"binary-expr","locations":[{"start":{"line":17,"column":28},"end":{"line":17,"column":33}},{"start":{"line":17,"column":38},"end":{"line":17,"column":43}}],"line":17},"12":{"loc":{"start":{"line":18,"column":12},"end":{"line":18,"column":169}},"type":"if","locations":[{"start":{"line":18,"column":12},"end":{"line":18,"column":169}},{"start":{},"end":{}}],"line":18},"13":{"loc":{"start":{"line":18,"column":23},"end":{"line":18,"column":158}},"type":"binary-expr","locations":[{"start":{"line":18,"column":23},"end":{"line":18,"column":24}},{"start":{"line":18,"column":29},"end":{"line":18,"column":125}},{"start":{"line":18,"column":130},"end":{"line":18,"column":158}}],"line":18},"14":{"loc":{"start":{"line":18,"column":33},"end":{"line":18,"column":125}},"type":"cond-expr","locations":[{"start":{"line":18,"column":45},"end":{"line":18,"column":56}},{"start":{"line":18,"column":59},"end":{"line":18,"column":125}}],"line":18},"15":{"loc":{"start":{"line":18,"column":59},"end":{"line":18,"column":125}},"type":"cond-expr","locations":[{"start":{"line":18,"column":67},"end":{"line":18,"column":116}},{"start":{"line":18,"column":119},"end":{"line":18,"column":125}}],"line":18},"16":{"loc":{"start":{"line":18,"column":67},"end":{"line":18,"column":116}},"type":"binary-expr","locations":[{"start":{"line":18,"column":67},"end":{"line":18,"column":77}},{"start":{"line":18,"column":82},"end":{"line":18,"column":115}}],"line":18},"17":{"loc":{"start":{"line":18,"column":82},"end":{"line":18,"column":112}},"type":"binary-expr","locations":[{"start":{"line":18,"column":83},"end":{"line":18,"column":98}},{"start":{"line":18,"column":103},"end":{"line":18,"column":112}}],"line":18},"18":{"loc":{"start":{"line":19,"column":12},"end":{"line":19,"column":52}},"type":"if","locations":[{"start":{"line":19,"column":12},"end":{"line":19,"column":52}},{"start":{},"end":{}}],"line":19},"19":{"loc":{"start":{"line":20,"column":12},"end":{"line":32,"column":13}},"type":"switch","locations":[{"start":{"line":21,"column":16},"end":{"line":21,"column":23}},{"start":{"line":21,"column":24},"end":{"line":21,"column":46}},{"start":{"line":22,"column":16},"end":{"line":22,"column":72}},{"start":{"line":23,"column":16},"end":{"line":23,"column":65}},{"start":{"line":24,"column":16},"end":{"line":24,"column":65}},{"start":{"line":25,"column":16},"end":{"line":31,"column":43}}],"line":20},"20":{"loc":{"start":{"line":26,"column":20},"end":{"line":26,"column":128}},"type":"if","locations":[{"start":{"line":26,"column":20},"end":{"line":26,"column":128}},{"start":{},"end":{}}],"line":26},"21":{"loc":{"start":{"line":26,"column":24},"end":{"line":26,"column":106}},"type":"binary-expr","locations":[{"start":{"line":26,"column":24},"end":{"line":26,"column":74}},{"start":{"line":26,"column":79},"end":{"line":26,"column":90}},{"start":{"line":26,"column":94},"end":{"line":26,"column":105}}],"line":26},"22":{"loc":{"start":{"line":26,"column":42},"end":{"line":26,"column":73}},"type":"binary-expr","locations":[{"start":{"line":26,"column":42},"end":{"line":26,"column":54}},{"start":{"line":26,"column":58},"end":{"line":26,"column":73}}],"line":26},"23":{"loc":{"start":{"line":27,"column":20},"end":{"line":27,"column":106}},"type":"if","locations":[{"start":{"line":27,"column":20},"end":{"line":27,"column":106}},{"start":{},"end":{}}],"line":27},"24":{"loc":{"start":{"line":27,"column":24},"end":{"line":27,"column":77}},"type":"binary-expr","locations":[{"start":{"line":27,"column":24},"end":{"line":27,"column":35}},{"start":{"line":27,"column":40},"end":{"line":27,"column":42}},{"start":{"line":27,"column":47},"end":{"line":27,"column":59}},{"start":{"line":27,"column":63},"end":{"line":27,"column":75}}],"line":27},"25":{"loc":{"start":{"line":28,"column":20},"end":{"line":28,"column":89}},"type":"if","locations":[{"start":{"line":28,"column":20},"end":{"line":28,"column":89}},{"start":{},"end":{}}],"line":28},"26":{"loc":{"start":{"line":28,"column":24},"end":{"line":28,"column":53}},"type":"binary-expr","locations":[{"start":{"line":28,"column":24},"end":{"line":28,"column":35}},{"start":{"line":28,"column":39},"end":{"line":28,"column":53}}],"line":28},"27":{"loc":{"start":{"line":29,"column":20},"end":{"line":29,"column":87}},"type":"if","locations":[{"start":{"line":29,"column":20},"end":{"line":29,"column":87}},{"start":{},"end":{}}],"line":29},"28":{"loc":{"start":{"line":29,"column":24},"end":{"line":29,"column":43}},"type":"binary-expr","locations":[{"start":{"line":29,"column":24},"end":{"line":29,"column":25}},{"start":{"line":29,"column":29},"end":{"line":29,"column":43}}],"line":29},"29":{"loc":{"start":{"line":30,"column":20},"end":{"line":30,"column":42}},"type":"if","locations":[{"start":{"line":30,"column":20},"end":{"line":30,"column":42}},{"start":{},"end":{}}],"line":30},"30":{"loc":{"start":{"line":35,"column":8},"end":{"line":35,"column":35}},"type":"if","locations":[{"start":{"line":35,"column":8},"end":{"line":35,"column":35}},{"start":{},"end":{}}],"line":35},"31":{"loc":{"start":{"line":35,"column":52},"end":{"line":35,"column":74}},"type":"cond-expr","locations":[{"start":{"line":35,"column":60},"end":{"line":35,"column":65}},{"start":{"line":35,"column":68},"end":{"line":35,"column":74}}],"line":35},"32":{"loc":{"start":{"line":38,"column":22},"end":{"line":40,"column":1}},"type":"binary-expr","locations":[{"start":{"line":38,"column":23},"end":{"line":38,"column":27}},{"start":{"line":38,"column":31},"end":{"line":38,"column":51}},{"start":{"line":38,"column":56},"end":{"line":40,"column":1}}],"line":38},"33":{"loc":{"start":{"line":39,"column":11},"end":{"line":39,"column":61}},"type":"cond-expr","locations":[{"start":{"line":39,"column":37},"end":{"line":39,"column":40}},{"start":{"line":39,"column":43},"end":{"line":39,"column":61}}],"line":39},"34":{"loc":{"start":{"line":39,"column":12},"end":{"line":39,"column":33}},"type":"binary-expr","locations":[{"start":{"line":39,"column":12},"end":{"line":39,"column":15}},{"start":{"line":39,"column":19},"end":{"line":39,"column":33}}],"line":39},"35":{"loc":{"start":{"line":50,"column":16},"end":{"line":62,"column":17}},"type":"switch","locations":[{"start":{"line":51,"column":20},"end":{"line":54,"column":89}},{"start":{"line":55,"column":20},"end":{"line":57,"column":48}},{"start":{"line":58,"column":20},"end":{"line":60,"column":34}},{"start":{"line":61,"column":20},"end":{"line":61,"column":50}}],"line":50},"36":{"loc":{"start":{"line":68,"column":8},"end":{"line":69,"column":42}},"type":"if","locations":[{"start":{"line":68,"column":8},"end":{"line":69,"column":42}},{"start":{},"end":{}}],"line":68},"37":{"loc":{"start":{"line":68,"column":13},"end":{"line":68,"column":82}},"type":"cond-expr","locations":[{"start":{"line":68,"column":66},"end":{"line":68,"column":72}},{"start":{"line":68,"column":75},"end":{"line":68,"column":82}}],"line":68},"38":{"loc":{"start":{"line":68,"column":13},"end":{"line":68,"column":63}},"type":"binary-expr","locations":[{"start":{"line":68,"column":13},"end":{"line":68,"column":46}},{"start":{"line":68,"column":50},"end":{"line":68,"column":63}}],"line":68}},"s":{"0":1,"1":0,"2":0,"3":0,"4":0,"5":0,"6":0,"7":0,"8":0,"9":0,"10":0,"11":0,"12":1,"13":0,"14":0,"15":0,"16":0,"17":0,"18":0,"19":0,"20":0,"21":0,"22":0,"23":0,"24":0,"25":0,"26":0,"27":0,"28":0,"29":0,"30":0,"31":0,"32":0,"33":0,"34":0,"35":0,"36":0,"37":0,"38":0,"39":0,"40":0,"41":0,"42":0,"43":0,"44":0,"45":0,"46":0,"47":0,"48":0,"49":0,"50":0,"51":0,"52":0,"53":0,"54":0,"55":0,"56":0,"57":0,"58":0,"59":0,"60":0,"61":0,"62":0,"63":0,"64":0,"65":0,"66":0,"67":1,"68":1,"69":1,"70":1,"71":1,"72":1,"73":0,"74":0,"75":0,"76":0,"77":0,"78":0,"79":0,"80":0,"81":0,"82":0,"83":0,"84":1,"85":7,"86":0,"87":7,"88":1,"89":1},"f":{"0":0,"1":0,"2":0,"3":0,"4":0,"5":0,"6":0,"7":0,"8":0,"9":0,"10":0,"11":0,"12":0,"13":1,"14":1,"15":0,"16":0,"17":0,"18":0,"19":7},"b":{"0":[1,1,1],"1":[0,0],"2":[0,0],"3":[0,0],"4":[0,0],"5":[1,1,1],"6":[0,0],"7":[0,0],"8":[0,0],"9":[0,0],"10":[0,0],"11":[0,0],"12":[0,0],"13":[0,0,0],"14":[0,0],"15":[0,0],"16":[0,0],"17":[0,0],"18":[0,0],"19":[0,0,0,0,0,0],"20":[0,0],"21":[0,0,0],"22":[0,0],"23":[0,0],"24":[0,0,0,0],"25":[0,0],"26":[0,0],"27":[0,0],"28":[0,0],"29":[0,0],"30":[0,0],"31":[0,0],"32":[1,1,1],"33":[1,0],"34":[1,1],"35":[0,0,0,0],"36":[0,7],"37":[7,0],"38":[7,7]},"inputSourceMap":{"version":3,"file":"/Users/moty/Documents/GitHub/tree-nodejs-typescript-postgresql/utils/env/env.ts","sources":["/Users/moty/Documents/GitHub/tree-nodejs-typescript-postgresql/utils/env/env.ts"],"names":[],"mappings":";;;;;;;;;;;;;;;;;;;;;;;;;;;;;;;;;;;;;;;;;AACA,yDAAsC;AAEtC;IAAA;IAeA,CAAC;IAZuB,eAAW,GAA/B,UAAmC,gBAA6B;;;;;;;wBAExD,KAAA,IAAI,CAAA;wBAAgB,qBAAM,gBAAgB,CAAC,UAAU,CAAC,aAAM,CAAC,EAAA;;wBAA7D,GAAK,YAAY,GAAG,SAAyC,CAAC;;;;wBAE9D,MAAM,GAAC,CAAC;;;;;KAEf;IAEa,OAAG,GAAjB,UAA8B,GAAW;;QACrC,IAAI,CAAA,MAAA,IAAI,CAAC,YAAY,0CAAG,GAAG,CAAC,KAAI,IAAI;YAAE,OAAO,IAAI,CAAC,YAAY,CAAC,GAAG,CAAM,CAAC;QACzE,OAAQ,aAAc,CAAC,GAAG,CAAM,CAAC;IACrC,CAAC;IACL,UAAC;AAAD,CAAC,AAfD,IAeC","sourcesContent":["import { z } from 'zod';\nimport config from '../../config/env';\n\nexport default class Env {\n    private static validatedEnv: any;\n\n    public static async validateEnv<T>(validationSchema: z.Schema<T>) {\n        try {\n            this.validatedEnv = await validationSchema.parseAsync(config);\n        } catch (e) {\n            throw e;\n        }\n    }\n\n    public static get<T = string>(key: string) {\n        if (this.validatedEnv?.[key] != null) return this.validatedEnv[key] as T;\n        return (config as any)[key] as T;\n    }\n}\n"]},"_coverageSchema":"1a1c01bbd47fc00a2c39e90264f33305004495a9","hash":"fb0b76e8526d97b7d1aef385e931b0a25540cc19","contentHash":"fa9bde38cbb2d6e28a421c0d19c2fbde09f553d754477d2b47bb960013a7c8af"},"/Users/moty/Documents/GitHub/tree-nodejs-typescript-postgresql/config/env/index.ts":{"path":"/Users/moty/Documents/GitHub/tree-nodejs-typescript-postgresql/config/env/index.ts","statementMap":{"0":{"start":{"line":2,"column":15},"end":{"line":12,"column":1}},"1":{"start":{"line":3,"column":4},"end":{"line":10,"column":6}},"2":{"start":{"line":4,"column":8},"end":{"line":8,"column":9}},"3":{"start":{"line":4,"column":24},"end":{"line":4,"column":25}},"4":{"start":{"line":4,"column":31},"end":{"line":4,"column":47}},"5":{"start":{"line":5,"column":12},"end":{"line":5,"column":29}},"6":{"start":{"line":6,"column":12},"end":{"line":7,"column":28}},"7":{"start":{"line":6,"column":29},"end":{"line":7,"column":28}},"8":{"start":{"line":7,"column":16},"end":{"line":7,"column":28}},"9":{"start":{"line":9,"column":8},"end":{"line":9,"column":17}},"10":{"start":{"line":11,"column":4},"end":{"line":11,"column":43}},"11":{"start":{"line":13,"column":22},"end":{"line":15,"column":1}},"12":{"start":{"line":14,"column":4},"end":{"line":14,"column":62}},"13":{"start":{"line":16,"column":0},"end":{"line":16,"column":62}},"14":{"start":{"line":17,"column":20},"end":{"line":17,"column":61}},"15":{"start":{"line":18,"column":13},"end":{"line":18,"column":47}},"16":{"start":{"line":19,"column":19},"end":{"line":19,"column":59}},"17":{"start":{"line":20,"column":15},"end":{"line":20,"column":32}},"18":{"start":{"line":21,"column":16},"end":{"line":21,"column":53}},"19":{"start":{"line":22,"column":0},"end":{"line":22,"column":29}},"20":{"start":{"line":23,"column":15},"end":{"line":29,"column":1}},"21":{"start":{"line":30,"column":13},"end":{"line":35,"column":40}},"22":{"start":{"line":36,"column":0},"end":{"line":36,"column":25}}},"fnMap":{"0":{"name":"(anonymous_0)","decl":{"start":{"line":2,"column":42},"end":{"line":2,"column":43}},"loc":{"start":{"line":2,"column":54},"end":{"line":12,"column":1}},"line":2},"1":{"name":"(anonymous_1)","decl":{"start":{"line":3,"column":32},"end":{"line":3,"column":33}},"loc":{"start":{"line":3,"column":44},"end":{"line":10,"column":5}},"line":3},"2":{"name":"(anonymous_2)","decl":{"start":{"line":13,"column":56},"end":{"line":13,"column":57}},"loc":{"start":{"line":13,"column":71},"end":{"line":15,"column":1}},"line":13}},"branchMap":{"0":{"loc":{"start":{"line":2,"column":15},"end":{"line":12,"column":1}},"type":"binary-expr","locations":[{"start":{"line":2,"column":16},"end":{"line":2,"column":20}},{"start":{"line":2,"column":24},"end":{"line":2,"column":37}},{"start":{"line":2,"column":42},"end":{"line":12,"column":1}}],"line":2},"1":{"loc":{"start":{"line":3,"column":15},"end":{"line":10,"column":5}},"type":"binary-expr","locations":[{"start":{"line":3,"column":15},"end":{"line":3,"column":28}},{"start":{"line":3,"column":32},"end":{"line":10,"column":5}}],"line":3},"2":{"loc":{"start":{"line":6,"column":29},"end":{"line":7,"column":28}},"type":"if","locations":[{"start":{"line":6,"column":29},"end":{"line":7,"column":28}},{"start":{},"end":{}}],"line":6},"3":{"loc":{"start":{"line":13,"column":22},"end":{"line":15,"column":1}},"type":"binary-expr","locations":[{"start":{"line":13,"column":23},"end":{"line":13,"column":27}},{"start":{"line":13,"column":31},"end":{"line":13,"column":51}},{"start":{"line":13,"column":56},"end":{"line":15,"column":1}}],"line":13},"4":{"loc":{"start":{"line":14,"column":11},"end":{"line":14,"column":61}},"type":"cond-expr","locations":[{"start":{"line":14,"column":37},"end":{"line":14,"column":40}},{"start":{"line":14,"column":43},"end":{"line":14,"column":61}}],"line":14},"5":{"loc":{"start":{"line":14,"column":12},"end":{"line":14,"column":33}},"type":"binary-expr","locations":[{"start":{"line":14,"column":12},"end":{"line":14,"column":15}},{"start":{"line":14,"column":19},"end":{"line":14,"column":33}}],"line":14},"6":{"loc":{"start":{"line":35,"column":2},"end":{"line":35,"column":39}},"type":"binary-expr","locations":[{"start":{"line":35,"column":2},"end":{"line":35,"column":22}},{"start":{"line":35,"column":26},"end":{"line":35,"column":39}}],"line":35}},"s":{"0":1,"1":2,"2":0,"3":0,"4":0,"5":0,"6":0,"7":0,"8":0,"9":0,"10":2,"11":1,"12":4,"13":1,"14":1,"15":1,"16":1,"17":1,"18":1,"19":1,"20":1,"21":1,"22":1},"f":{"0":2,"1":0,"2":4},"b":{"0":[1,1,1],"1":[2,0],"2":[0,0],"3":[1,1,1],"4":[4,0],"5":[4,4],"6":[1,0]},"inputSourceMap":{"version":3,"file":"/Users/moty/Documents/GitHub/tree-nodejs-typescript-postgresql/config/env/index.ts","sources":["/Users/moty/Documents/GitHub/tree-nodejs-typescript-postgresql/config/env/index.ts"],"names":[],"mappings":";;;;;;;;;;;;;;;;AAAA,8DAAwC;AACxC,gDAA0B;AAC1B,4DAAsC;AACtC,iCAAsC;AACtC,sDAAgC;AAChC,IAAA,qBAAY,GAAE,CAAC;AAEf,IAAM,QAAQ,GAAG;IACb,IAAI,EAAE,OAAO,CAAC,GAAG,CAAC,IAAI;IACtB,WAAW,EAAE,OAAO,CAAC,GAAG,CAAC,WAAW;IACpC,MAAM,EAAE,OAAO,CAAC,GAAG,CAAC,MAAM;IAC1B,QAAQ,EAAE,OAAO,CAAC,GAAG,CAAC,QAAQ;IAC9B,UAAU,EAAE,OAAO,CAAC,GAAG,CAAC,UAAU;CACrC,CAAC;AAEF,IAAM,MAAM,GAAG;IACX,WAAW,wBAAO,QAAQ,GAAK,qBAAW,CAAE;IAC5C,IAAI,wBAAO,QAAQ,GAAK,cAAI,CAAE;IAC9B,OAAO,wBAAO,QAAQ,GAAK,iBAAO,CAAE;IACpC,UAAU,wBAAO,QAAQ,GAAK,oBAAU,CAAE;CAC7C,CAAC,OAAO,CAAC,GAAG,CAAC,QAAQ,IAAI,aAAa,CAAC,CAAC;AAEzC,kBAAe,MAAM,CAAC","sourcesContent":["import development from \"./development\";\nimport test from \"./test\";\nimport production from \"./production\";\nimport { configDotenv } from \"dotenv\";\nimport staging from \"./staging\";\nconfigDotenv();\n\nconst defaults = {\n    PORT: process.env.PORT,\n    API_VERSION: process.env.API_VERSION,\n    DB_URL: process.env.DB_URL,\n    NODE_ENV: process.env.NODE_ENV,\n    API_DOMAIN: process.env.API_DOMAIN\n};\n\nconst config = {\n    development: { ...defaults, ...development },\n    test: { ...defaults, ...test },\n    staging: { ...defaults, ...staging },\n    production: { ...defaults, ...production }\n}[process.env.NODE_ENV || \"development\"];\n\nexport default config;\n"]},"_coverageSchema":"1a1c01bbd47fc00a2c39e90264f33305004495a9","hash":"a6978039a57abac4d07c5381a5955f7c259393b5","contentHash":"7eaef37a944fbe7a716a9c977090f6808d6379782e30daaa25508dcef7fb8602"},"/Users/moty/Documents/GitHub/tree-nodejs-typescript-postgresql/config/env/development.ts":{"path":"/Users/moty/Documents/GitHub/tree-nodejs-typescript-postgresql/config/env/development.ts","statementMap":{"0":{"start":{"line":2,"column":0},"end":{"line":2,"column":62}},"1":{"start":{"line":3,"column":15},"end":{"line":3,"column":32}},"2":{"start":{"line":4,"column":0},"end":{"line":4,"column":29}},"3":{"start":{"line":5,"column":18},"end":{"line":5,"column":20}},"4":{"start":{"line":6,"column":0},"end":{"line":6,"column":30}}},"fnMap":{},"branchMap":{},"s":{"0":1,"1":1,"2":1,"3":1,"4":1},"f":{},"b":{},"inputSourceMap":{"version":3,"file":"/Users/moty/Documents/GitHub/tree-nodejs-typescript-postgresql/config/env/development.ts","sources":["/Users/moty/Documents/GitHub/tree-nodejs-typescript-postgresql/config/env/development.ts"],"names":[],"mappings":";;AAAA,iCAAsC;AACtC,IAAA,qBAAY,GAAE,CAAC;AAEf,IAAM,WAAW,GAAG,EACnB,CAAC;AAEF,kBAAe,WAAW,CAAC","sourcesContent":["import { configDotenv } from \"dotenv\";\nconfigDotenv();\n\nconst development = {\n};\n\nexport default development;\n"]},"_coverageSchema":"1a1c01bbd47fc00a2c39e90264f33305004495a9","hash":"3a3a034e2a6be9ac773cee97f305f9cf46746e86","contentHash":"fe75b20c501e7472bef17be6ada6f0def3d549a7550fae058da2ef5de02a3725"},"/Users/moty/Documents/GitHub/tree-nodejs-typescript-postgresql/config/env/test.ts":{"path":"/Users/moty/Documents/GitHub/tree-nodejs-typescript-postgresql/config/env/test.ts","statementMap":{"0":{"start":{"line":2,"column":0},"end":{"line":2,"column":62}},"1":{"start":{"line":3,"column":14},"end":{"line":3,"column":16}},"2":{"start":{"line":4,"column":0},"end":{"line":4,"column":26}}},"fnMap":{},"branchMap":{},"s":{"0":1,"1":1,"2":1},"f":{},"b":{},"inputSourceMap":{"version":3,"file":"/Users/moty/Documents/GitHub/tree-nodejs-typescript-postgresql/config/env/test.ts","sources":["/Users/moty/Documents/GitHub/tree-nodejs-typescript-postgresql/config/env/test.ts"],"names":[],"mappings":";;AAAA,IAAM,OAAO,GAAG,EAAE,CAAC;AAEnB,kBAAe,OAAO,CAAC","sourcesContent":["const testing = {};\n\nexport default testing;\n"]},"_coverageSchema":"1a1c01bbd47fc00a2c39e90264f33305004495a9","hash":"8431e1ccc27696009b4d85d028ab7d8471ef96ca","contentHash":"9eac40308d08659b916f5759411350f815a52a8aaba8a9120c00def91b84f3f3"},"/Users/moty/Documents/GitHub/tree-nodejs-typescript-postgresql/config/env/production.ts":{"path":"/Users/moty/Documents/GitHub/tree-nodejs-typescript-postgresql/config/env/production.ts","statementMap":{"0":{"start":{"line":2,"column":0},"end":{"line":2,"column":62}},"1":{"start":{"line":3,"column":17},"end":{"line":3,"column":19}},"2":{"start":{"line":4,"column":0},"end":{"line":4,"column":29}}},"fnMap":{},"branchMap":{},"s":{"0":1,"1":1,"2":1},"f":{},"b":{},"inputSourceMap":{"version":3,"file":"/Users/moty/Documents/GitHub/tree-nodejs-typescript-postgresql/config/env/production.ts","sources":["/Users/moty/Documents/GitHub/tree-nodejs-typescript-postgresql/config/env/production.ts"],"names":[],"mappings":";;AAAA,IAAM,UAAU,GAAG,EAAE,CAAC;AAEtB,kBAAe,UAAU,CAAC","sourcesContent":["const production = {};\n\nexport default production;\n"]},"_coverageSchema":"1a1c01bbd47fc00a2c39e90264f33305004495a9","hash":"0f8ef5c07d2dbb4b06fc7187a01951b7ab25938e","contentHash":"e6e7f5dd56245d34fd99d69a2a5d6b53aa57e605e290e452982b2052d74e97c0"},"/Users/moty/Documents/GitHub/tree-nodejs-typescript-postgresql/config/env/staging.ts":{"path":"/Users/moty/Documents/GitHub/tree-nodejs-typescript-postgresql/config/env/staging.ts","statementMap":{"0":{"start":{"line":2,"column":0},"end":{"line":2,"column":62}},"1":{"start":{"line":3,"column":15},"end":{"line":3,"column":32}},"2":{"start":{"line":4,"column":0},"end":{"line":4,"column":29}},"3":{"start":{"line":5,"column":14},"end":{"line":5,"column":16}},"4":{"start":{"line":6,"column":0},"end":{"line":6,"column":26}}},"fnMap":{},"branchMap":{},"s":{"0":1,"1":1,"2":1,"3":1,"4":1},"f":{},"b":{},"inputSourceMap":{"version":3,"file":"/Users/moty/Documents/GitHub/tree-nodejs-typescript-postgresql/config/env/staging.ts","sources":["/Users/moty/Documents/GitHub/tree-nodejs-typescript-postgresql/config/env/staging.ts"],"names":[],"mappings":";;AAAA,iCAAsC;AACtC,IAAA,qBAAY,GAAE,CAAC;AAEf,IAAM,OAAO,GAAG,EAAE,CAAC;AAEnB,kBAAe,OAAO,CAAC","sourcesContent":["import { configDotenv } from \"dotenv\";\nconfigDotenv();\n\nconst staging = {};\n\nexport default staging;\n"]},"_coverageSchema":"1a1c01bbd47fc00a2c39e90264f33305004495a9","hash":"e23468cbb89eff350e92949844f751727f441a12","contentHash":"0669f7da5636a403598ef4ee0a7d54f714119ef831f5415e0e4c770b688ac978"},"/Users/moty/Documents/GitHub/tree-nodejs-typescript-postgresql/config/express.ts":{"path":"/Users/moty/Documents/GitHub/tree-nodejs-typescript-postgresql/config/express.ts","statementMap":{"0":{"start":{"line":2,"column":20},"end":{"line":10,"column":1}},"1":{"start":{"line":3,"column":4},"end":{"line":8,"column":5}},"2":{"start":{"line":3,"column":40},"end":{"line":8,"column":5}},"3":{"start":{"line":3,"column":53},"end":{"line":3,"column":54}},"4":{"start":{"line":3,"column":60},"end":{"line":3,"column":71}},"5":{"start":{"line":4,"column":8},"end":{"line":7,"column":9}},"6":{"start":{"line":5,"column":12},"end":{"line":5,"column":65}},"7":{"start":{"line":5,"column":21},"end":{"line":5,"column":65}},"8":{"start":{"line":6,"column":12},"end":{"line":6,"column":28}},"9":{"start":{"line":9,"column":4},"end":{"line":9,"column":61}},"10":{"start":{"line":11,"column":22},"end":{"line":13,"column":1}},"11":{"start":{"line":12,"column":4},"end":{"line":12,"column":62}},"12":{"start":{"line":14,"column":0},"end":{"line":14,"column":62}},"13":{"start":{"line":15,"column":0},"end":{"line":15,"column":22}},"14":{"start":{"line":16,"column":16},"end":{"line":16,"column":51}},"15":{"start":{"line":17,"column":27},"end":{"line":17,"column":73}},"16":{"start":{"line":18,"column":15},"end":{"line":18,"column":49}},"17":{"start":{"line":19,"column":13},"end":{"line":19,"column":45}},"18":{"start":{"line":20,"column":15},"end":{"line":20,"column":39}},"19":{"start":{"line":21,"column":14},"end":{"line":21,"column":39}},"20":{"start":{"line":22,"column":13},"end":{"line":22,"column":45}},"21":{"start":{"line":23,"column":12},"end":{"line":23,"column":56}},"22":{"start":{"line":25,"column":14},"end":{"line":25,"column":38}},"23":{"start":{"line":26,"column":30},"end":{"line":31,"column":5}},"24":{"start":{"line":32,"column":19},"end":{"line":32,"column":119}},"25":{"start":{"line":33,"column":22},"end":{"line":36,"column":5}},"26":{"start":{"line":37,"column":4},"end":{"line":37,"column":46}},"27":{"start":{"line":38,"column":4},"end":{"line":38,"column":37}},"28":{"start":{"line":39,"column":4},"end":{"line":39,"column":55}},"29":{"start":{"line":40,"column":4},"end":{"line":40,"column":77}},"30":{"start":{"line":41,"column":4},"end":{"line":43,"column":8}},"31":{"start":{"line":44,"column":4},"end":{"line":44,"column":32}},"32":{"start":{"line":45,"column":4},"end":{"line":45,"column":57}},"33":{"start":{"line":46,"column":4},"end":{"line":48,"column":7}},"34":{"start":{"line":47,"column":8},"end":{"line":47,"column":51}},"35":{"start":{"line":50,"column":4},"end":{"line":50,"column":39}},"36":{"start":{"line":53,"column":4},"end":{"line":53,"column":43}},"37":{"start":{"line":54,"column":17},"end":{"line":54,"column":49}},"38":{"start":{"line":55,"column":4},"end":{"line":55,"column":18}}},"fnMap":{"0":{"name":"(anonymous_0)","decl":{"start":{"line":2,"column":52},"end":{"line":2,"column":53}},"loc":{"start":{"line":2,"column":78},"end":{"line":10,"column":1}},"line":2},"1":{"name":"(anonymous_1)","decl":{"start":{"line":11,"column":56},"end":{"line":11,"column":57}},"loc":{"start":{"line":11,"column":71},"end":{"line":13,"column":1}},"line":11},"2":{"name":"App","decl":{"start":{"line":24,"column":9},"end":{"line":24,"column":12}},"loc":{"start":{"line":24,"column":15},"end":{"line":56,"column":1}},"line":24},"3":{"name":"(anonymous_3)","decl":{"start":{"line":46,"column":17},"end":{"line":46,"column":18}},"loc":{"start":{"line":46,"column":37},"end":{"line":48,"column":5}},"line":46}},"branchMap":{"0":{"loc":{"start":{"line":2,"column":20},"end":{"line":10,"column":1}},"type":"binary-expr","locations":[{"start":{"line":2,"column":21},"end":{"line":2,"column":25}},{"start":{"line":2,"column":29},"end":{"line":2,"column":47}},{"start":{"line":2,"column":52},"end":{"line":10,"column":1}}],"line":2},"1":{"loc":{"start":{"line":3,"column":4},"end":{"line":8,"column":5}},"type":"if","locations":[{"start":{"line":3,"column":4},"end":{"line":8,"column":5}},{"start":{},"end":{}}],"line":3},"2":{"loc":{"start":{"line":3,"column":8},"end":{"line":3,"column":38}},"type":"binary-expr","locations":[{"start":{"line":3,"column":8},"end":{"line":3,"column":12}},{"start":{"line":3,"column":16},"end":{"line":3,"column":38}}],"line":3},"3":{"loc":{"start":{"line":4,"column":8},"end":{"line":7,"column":9}},"type":"if","locations":[{"start":{"line":4,"column":8},"end":{"line":7,"column":9}},{"start":{},"end":{}}],"line":4},"4":{"loc":{"start":{"line":4,"column":12},"end":{"line":4,"column":30}},"type":"binary-expr","locations":[{"start":{"line":4,"column":12},"end":{"line":4,"column":14}},{"start":{"line":4,"column":18},"end":{"line":4,"column":30}}],"line":4},"5":{"loc":{"start":{"line":5,"column":12},"end":{"line":5,"column":65}},"type":"if","locations":[{"start":{"line":5,"column":12},"end":{"line":5,"column":65}},{"start":{},"end":{}}],"line":5},"6":{"loc":{"start":{"line":9,"column":21},"end":{"line":9,"column":59}},"type":"binary-expr","locations":[{"start":{"line":9,"column":21},"end":{"line":9,"column":23}},{"start":{"line":9,"column":27},"end":{"line":9,"column":59}}],"line":9},"7":{"loc":{"start":{"line":11,"column":22},"end":{"line":13,"column":1}},"type":"binary-expr","locations":[{"start":{"line":11,"column":23},"end":{"line":11,"column":27}},{"start":{"line":11,"column":31},"end":{"line":11,"column":51}},{"start":{"line":11,"column":56},"end":{"line":13,"column":1}}],"line":11},"8":{"loc":{"start":{"line":12,"column":11},"end":{"line":12,"column":61}},"type":"cond-expr","locations":[{"start":{"line":12,"column":37},"end":{"line":12,"column":40}},{"start":{"line":12,"column":43},"end":{"line":12,"column":61}}],"line":12},"9":{"loc":{"start":{"line":12,"column":12},"end":{"line":12,"column":33}},"type":"binary-expr","locations":[{"start":{"line":12,"column":12},"end":{"line":12,"column":15}},{"start":{"line":12,"column":19},"end":{"line":12,"column":33}}],"line":12},"10":{"loc":{"start":{"line":32,"column":38},"end":{"line":32,"column":111}},"type":"cond-expr","locations":[{"start":{"line":32,"column":87},"end":{"line":32,"column":89}},{"start":{"line":32,"column":92},"end":{"line":32,"column":111}}],"line":32}},"s":{"0":1,"1":1,"2":1,"3":1,"4":1,"5":4,"6":0,"7":0,"8":0,"9":1,"10":1,"11":6,"12":1,"13":1,"14":1,"15":1,"16":1,"17":1,"18":1,"19":1,"20":1,"21":1,"22":1,"23":1,"24":1,"25":1,"26":1,"27":1,"28":1,"29":1,"30":1,"31":1,"32":1,"33":1,"34":0,"35":1,"36":1,"37":1,"38":1},"f":{"0":1,"1":6,"2":1,"3":0},"b":{"0":[1,1,1],"1":[1,0],"2":[1,0],"3":[0,4],"4":[4,4],"5":[0,0],"6":[1,1],"7":[1,1,1],"8":[1,5],"9":[6,6],"10":[0,1]},"inputSourceMap":{"version":3,"file":"/Users/moty/Documents/GitHub/tree-nodejs-typescript-postgresql/config/express.ts","sources":["/Users/moty/Documents/GitHub/tree-nodejs-typescript-postgresql/config/express.ts"],"names":[],"mappings":";;;;;;;;;;;;;;AAWA,sBA0CC;AArDD,oDAA8D;AAC9D,0EAA4C;AAC5C,kDAA4B;AAC5B,8CAAwB;AACxB,wCAAkD;AAClD,wCAA0C;AAC1C,8CAAwB;AAExB,yDAAmC;AAGnC,SAAwB,GAAG;IACvB,IAAM,GAAG,GAAG,IAAA,iBAAO,GAAE,CAAC;IAEtB,IAAM,mBAAmB,GAAG;QACxB,GAAG;QACH,uBAAuB;QACvB,uBAAuB;QACvB,UAAG,aAAG,CAAC,GAAG,CAAC,YAAY,CAAC,CAAE;KAC7B,CAAC;IAEF,IAAM,QAAQ,qBAAO,CAAC,aAAG,CAAC,GAAG,CAAC,UAAU,CAAC,KAAK,YAAY,CAAC,CAAC,CAAC,EAAE,CAAC,CAAC,CAAC,mBAAmB,CAAC,OAAC,CAAC;IACxF,IAAM,WAAW,GAAG;QAChB,MAAM,EAAE,QAAQ;QAChB,WAAW,EAAE,IAAI;KACpB,CAAC;IAEF,GAAG,CAAC,GAAG,CAAC,IAAA,cAAI,EAAC,WAAW,CAAC,CAAC,CAAC;IAC3B,GAAG,CAAC,GAAG,CAAC,IAAA,gBAAM,GAAE,CAAC,CAAC;IAGlB,GAAG,CAAC,GAAG,CAAC,iBAAO,CAAC,IAAI,CAAC,EAAE,KAAK,EAAE,MAAM,EAAE,CAAC,CAAC,CAAC;IACzC,GAAG,CAAC,GAAG,CAAC,iBAAO,CAAC,UAAU,CAAC,EAAE,KAAK,EAAE,MAAM,EAAE,QAAQ,EAAE,IAAI,EAAE,CAAC,CAAC,CAAC;IAC/D,GAAG,CAAC,GAAG,CACH,IAAA,4BAAU,EAAC;QACP,MAAM,EAAE,EAAE,QAAQ,EAAE,QAAQ,EAAE;KACjC,CAAC,CACL,CAAC;IACF,GAAG,CAAC,OAAO,CAAC,cAAc,CAAC,CAAC;IAC5B,GAAG,CAAC,GAAG,CAAC,kBAAS,CAAC,OAAO,EAAE,eAAM,CAAC,CAAC;IACnC,GAAG,CAAC,GAAG,CAAC,GAAG,EAAE,UAAC,GAAY,EAAE,GAAa;QACrC,GAAG,CAAC,IAAI,CAAC,gCAAgC,CAAC,CAAC;IAC/C,CAAC,CAAC,CAAC;IACH,+CAA+C;IAC/C,GAAG,CAAC,GAAG,CAAC,gBAAQ,CAAC,QAAQ,CAAC,CAAC;IAE3B,4DAA4D;IAC5D,0CAA0C;IAC1C,GAAG,CAAC,GAAG,CAAC,gBAAQ,CAAC,YAAY,CAAC,CAAC;IAE/B,IAAM,MAAM,GAAG,cAAI,CAAC,YAAY,CAAC,GAAG,CAAC,CAAC;IAEtC,OAAO,MAAM,CAAC;AAClB,CAAC","sourcesContent":["import express, { Express, Request, Response } from \"express\";\nimport fileUpload from \"express-fileupload\";\nimport helmet from \"helmet\";\nimport cors from \"cors\";\nimport { routeBase, Router } from \"../app/routes\";\nimport { ApiError } from \"../utils/error\";\nimport http from \"http\";\nimport logger from \"./logger\";\nimport Env from \"../utils/env/env\";\nimport { tryCatch } from \"../utils/error/try.catch.helper\";\n\nexport default function App(): http.Server {\n    const app = express();\n\n    const developmentCorsUrls = [\n        \"*\",\n        \"http://localhost:5173\",\n        \"http://localhost:5174\",\n        `${Env.get(\"CLIENT_URL\")}`,\n    ];\n\n    const corsUrls = [...(Env.get(\"NODE_ENV\") === \"production\" ? [] : developmentCorsUrls)];\n    const corsOptions = {\n        origin: corsUrls,\n        credentials: true\n    };\n\n    app.use(cors(corsOptions));\n    app.use(helmet());\n\n\n    app.use(express.json({ limit: '50mb' }));\n    app.use(express.urlencoded({ limit: '50mb', extended: true }));\n    app.use(\n        fileUpload({\n            limits: { fileSize: 52428800 }\n        })\n    );\n    app.disable(\"x-powered-by\");\n    app.use(routeBase.V1_PATH, Router);\n    app.get(\"/\", (req: Request, res: Response) => {\n        res.send(\"App API running server running\");\n    });\n    // Handles exceptions thrown in the application\n    app.use(ApiError.appError);\n\n    // handle all error instances and returns an errors response\n    // eslint-disable-next-line no-unused-vars\n    app.use(ApiError.genericError);\n\n    const server = http.createServer(app);\n\n    return server;\n}\n"]},"_coverageSchema":"1a1c01bbd47fc00a2c39e90264f33305004495a9","hash":"e765b8626d5ca0e64c4c8bac688d95e546aaabec","contentHash":"9852e36634255ebcc97b502087c5e30ade3fa309955ba0766aa39d9a0d497f2f"},"/Users/moty/Documents/GitHub/tree-nodejs-typescript-postgresql/app/routes/index.ts":{"path":"/Users/moty/Documents/GitHub/tree-nodejs-typescript-postgresql/app/routes/index.ts","statementMap":{"0":{"start":{"line":2,"column":22},"end":{"line":12,"column":3}},"1":{"start":{"line":3,"column":4},"end":{"line":3,"column":33}},"2":{"start":{"line":3,"column":26},"end":{"line":3,"column":33}},"3":{"start":{"line":4,"column":15},"end":{"line":4,"column":52}},"4":{"start":{"line":5,"column":4},"end":{"line":7,"column":5}},"5":{"start":{"line":6,"column":6},"end":{"line":6,"column":68}},"6":{"start":{"line":6,"column":51},"end":{"line":6,"column":63}},"7":{"start":{"line":8,"column":4},"end":{"line":8,"column":39}},"8":{"start":{"line":10,"column":4},"end":{"line":10,"column":33}},"9":{"start":{"line":10,"column":26},"end":{"line":10,"column":33}},"10":{"start":{"line":11,"column":4},"end":{"line":11,"column":17}},"11":{"start":{"line":13,"column":19},"end":{"line":15,"column":1}},"12":{"start":{"line":14,"column":4},"end":{"line":14,"column":126}},"13":{"start":{"line":14,"column":21},"end":{"line":14,"column":126}},"14":{"start":{"line":14,"column":95},"end":{"line":14,"column":126}},"15":{"start":{"line":16,"column":0},"end":{"line":16,"column":62}},"16":{"start":{"line":17,"column":0},"end":{"line":17,"column":47}},"17":{"start":{"line":18,"column":0},"end":{"line":18,"column":39}},"18":{"start":{"line":19,"column":0},"end":{"line":19,"column":27}},"19":{"start":{"line":20,"column":0},"end":{"line":22,"column":2}}},"fnMap":{"0":{"name":"(anonymous_0)","decl":{"start":{"line":2,"column":74},"end":{"line":2,"column":75}},"loc":{"start":{"line":2,"column":96},"end":{"line":9,"column":1}},"line":2},"1":{"name":"(anonymous_1)","decl":{"start":{"line":6,"column":38},"end":{"line":6,"column":39}},"loc":{"start":{"line":6,"column":49},"end":{"line":6,"column":65}},"line":6},"2":{"name":"(anonymous_2)","decl":{"start":{"line":9,"column":6},"end":{"line":9,"column":7}},"loc":{"start":{"line":9,"column":28},"end":{"line":12,"column":1}},"line":9},"3":{"name":"(anonymous_3)","decl":{"start":{"line":13,"column":50},"end":{"line":13,"column":51}},"loc":{"start":{"line":13,"column":71},"end":{"line":15,"column":1}},"line":13}},"branchMap":{"0":{"loc":{"start":{"line":2,"column":22},"end":{"line":12,"column":3}},"type":"binary-expr","locations":[{"start":{"line":2,"column":23},"end":{"line":2,"column":27}},{"start":{"line":2,"column":31},"end":{"line":2,"column":51}},{"start":{"line":2,"column":57},"end":{"line":12,"column":2}}],"line":2},"1":{"loc":{"start":{"line":2,"column":57},"end":{"line":12,"column":2}},"type":"cond-expr","locations":[{"start":{"line":2,"column":74},"end":{"line":9,"column":1}},{"start":{"line":9,"column":6},"end":{"line":12,"column":1}}],"line":2},"2":{"loc":{"start":{"line":3,"column":4},"end":{"line":3,"column":33}},"type":"if","locations":[{"start":{"line":3,"column":4},"end":{"line":3,"column":33}},{"start":{},"end":{}}],"line":3},"3":{"loc":{"start":{"line":5,"column":4},"end":{"line":7,"column":5}},"type":"if","locations":[{"start":{"line":5,"column":4},"end":{"line":7,"column":5}},{"start":{},"end":{}}],"line":5},"4":{"loc":{"start":{"line":5,"column":8},"end":{"line":5,"column":85}},"type":"binary-expr","locations":[{"start":{"line":5,"column":8},"end":{"line":5,"column":13}},{"start":{"line":5,"column":18},"end":{"line":5,"column":84}}],"line":5},"5":{"loc":{"start":{"line":5,"column":18},"end":{"line":5,"column":84}},"type":"cond-expr","locations":[{"start":{"line":5,"column":34},"end":{"line":5,"column":47}},{"start":{"line":5,"column":50},"end":{"line":5,"column":84}}],"line":5},"6":{"loc":{"start":{"line":5,"column":50},"end":{"line":5,"column":84}},"type":"binary-expr","locations":[{"start":{"line":5,"column":50},"end":{"line":5,"column":63}},{"start":{"line":5,"column":67},"end":{"line":5,"column":84}}],"line":5},"7":{"loc":{"start":{"line":10,"column":4},"end":{"line":10,"column":33}},"type":"if","locations":[{"start":{"line":10,"column":4},"end":{"line":10,"column":33}},{"start":{},"end":{}}],"line":10},"8":{"loc":{"start":{"line":13,"column":19},"end":{"line":15,"column":1}},"type":"binary-expr","locations":[{"start":{"line":13,"column":20},"end":{"line":13,"column":24}},{"start":{"line":13,"column":28},"end":{"line":13,"column":45}},{"start":{"line":13,"column":50},"end":{"line":15,"column":1}}],"line":13},"9":{"loc":{"start":{"line":14,"column":21},"end":{"line":14,"column":126}},"type":"if","locations":[{"start":{"line":14,"column":21},"end":{"line":14,"column":126}},{"start":{},"end":{}}],"line":14},"10":{"loc":{"start":{"line":14,"column":25},"end":{"line":14,"column":93}},"type":"binary-expr","locations":[{"start":{"line":14,"column":25},"end":{"line":14,"column":40}},{"start":{"line":14,"column":44},"end":{"line":14,"column":93}}],"line":14}},"s":{"0":1,"1":1,"2":1,"3":1,"4":1,"5":1,"6":1,"7":1,"8":0,"9":0,"10":0,"11":1,"12":1,"13":1,"14":1,"15":1,"16":1,"17":1,"18":1,"19":1},"f":{"0":1,"1":1,"2":0,"3":1},"b":{"0":[1,1,1],"1":[1,0],"2":[1,0],"3":[1,0],"4":[1,1],"5":[0,1],"6":[1,0],"7":[0,0],"8":[1,1,1],"9":[1,0],"10":[1,1]},"inputSourceMap":{"version":3,"file":"/Users/moty/Documents/GitHub/tree-nodejs-typescript-postgresql/app/routes/index.ts","sources":["/Users/moty/Documents/GitHub/tree-nodejs-typescript-postgresql/app/routes/index.ts"],"names":[],"mappings":";;;;;;;;;;;;;;;;;AAAA,uCAAqB;AAER,QAAA,SAAS,GAAG,MAAM,CAAC;AAEnB,QAAA,SAAS,GAAG;IACrB,OAAO,EAAE,UAAG,iBAAS,QAAK;CAC7B,CAAC","sourcesContent":["export * from \"./v1\";\n\nexport const BASE_PATH = \"/api\";\n\nexport const routeBase = {\n    V1_PATH: `${BASE_PATH}/v1`,\n};\n"]},"_coverageSchema":"1a1c01bbd47fc00a2c39e90264f33305004495a9","hash":"d35caaea0d4278858b08e5ce75aab55d70f281af","contentHash":"360dbce6177a9cb7c1cbc5c5a8f3aa70dbec15b139425abd13b21b844853dd38"},"/Users/moty/Documents/GitHub/tree-nodejs-typescript-postgresql/app/routes/v1/index.ts":{"path":"/Users/moty/Documents/GitHub/tree-nodejs-typescript-postgresql/app/routes/v1/index.ts","statementMap":{"0":{"start":{"line":2,"column":22},"end":{"line":4,"column":1}},"1":{"start":{"line":3,"column":4},"end":{"line":3,"column":62}},"2":{"start":{"line":5,"column":0},"end":{"line":5,"column":62}},"3":{"start":{"line":6,"column":0},"end":{"line":6,"column":24}},"4":{"start":{"line":7,"column":16},"end":{"line":7,"column":51}},"5":{"start":{"line":8,"column":15},"end":{"line":8,"column":57}},"6":{"start":{"line":9,"column":16},"end":{"line":9,"column":42}},"7":{"start":{"line":10,"column":0},"end":{"line":10,"column":52
[...]
"end":{"line":16,"column":70}},{"start":{},"end":{}}],"line":16},"10":{"loc":{"start":{"line":17,"column":15},"end":{"line":17,"column":45}},"type":"binary-expr","locations":[{"start":{"line":17,"column":15},"end":{"line":17,"column":16}},{"start":{"line":17,"column":21},"end":{"line":17,"column":44}}],"line":17},"11":{"loc":{"start":{"line":17,"column":28},"end":{"line":17,"column":44}},"type":"binary-expr","locations":[{"start":{"line":17,"column":28},"end":{"line":17,"column":33}},{"start":{"line":17,"column":38},"end":{"line":17,"column":43}}],"line":17},"12":{"loc":{"start":{"line":18,"column":12},"end":{"line":18,"column":169}},"type":"if","locations":[{"start":{"line":18,"column":12},"end":{"line":18,"column":169}},{"start":{},"end":{}}],"line":18},"13":{"loc":{"start":{"line":18,"column":23},"end":{"line":18,"column":158}},"type":"binary-expr","locations":[{"start":{"line":18,"column":23},"end":{"line":18,"column":24}},{"start":{"line":18,"column":29},"end":{"line":18,"column":125}},{"start":{"line":18,"column":130},"end":{"line":18,"column":158}}],"line":18},"14":{"loc":{"start":{"line":18,"column":33},"end":{"line":18,"column":125}},"type":"cond-expr","locations":[{"start":{"line":18,"column":45},"end":{"line":18,"column":56}},{"start":{"line":18,"column":59},"end":{"line":18,"column":125}}],"line":18},"15":{"loc":{"start":{"line":18,"column":59},"end":{"line":18,"column":125}},"type":"cond-expr","locations":[{"start":{"line":18,"column":67},"end":{"line":18,"column":116}},{"start":{"line":18,"column":119},"end":{"line":18,"column":125}}],"line":18},"16":{"loc":{"start":{"line":18,"column":67},"end":{"line":18,"column":116}},"type":"binary-expr","locations":[{"start":{"line":18,"column":67},"end":{"line":18,"column":77}},{"start":{"line":18,"column":82},"end":{"line":18,"column":115}}],"line":18},"17":{"loc":{"start":{"line":18,"column":82},"end":{"line":18,"column":112}},"type":"binary-expr","locations":[{"start":{"line":18,"column":83},"end":{"line":18,"column":98}},{"start":{"line":18,"column":103},"end":{"line":18,"column":112}}],"line":18},"18":{"loc":{"start":{"line":19,"column":12},"end":{"line":19,"column":52}},"type":"if","locations":[{"start":{"line":19,"column":12},"end":{"line":19,"column":52}},{"start":{},"end":{}}],"line":19},"19":{"loc":{"start":{"line":20,"column":12},"end":{"line":32,"column":13}},"type":"switch","locations":[{"start":{"line":21,"column":16},"end":{"line":21,"column":23}},{"start":{"line":21,"column":24},"end":{"line":21,"column":46}},{"start":{"line":22,"column":16},"end":{"line":22,"column":72}},{"start":{"line":23,"column":16},"end":{"line":23,"column":65}},{"start":{"line":24,"column":16},"end":{"line":24,"column":65}},{"start":{"line":25,"column":16},"end":{"line":31,"column":43}}],"line":20},"20":{"loc":{"start":{"line":26,"column":20},"end":{"line":26,"column":128}},"type":"if","locations":[{"start":{"line":26,"column":20},"end":{"line":26,"column":128}},{"start":{},"end":{}}],"line":26},"21":{"loc":{"start":{"line":26,"column":24},"end":{"line":26,"column":106}},"type":"binary-expr","locations":[{"start":{"line":26,"column":24},"end":{"line":26,"column":74}},{"start":{"line":26,"column":79},"end":{"line":26,"column":90}},{"start":{"line":26,"column":94},"end":{"line":26,"column":105}}],"line":26},"22":{"loc":{"start":{"line":26,"column":42},"end":{"line":26,"column":73}},"type":"binary-expr","locations":[{"start":{"line":26,"column":42},"end":{"line":26,"column":54}},{"start":{"line":26,"column":58},"end":{"line":26,"column":73}}],"line":26},"23":{"loc":{"start":{"line":27,"column":20},"end":{"line":27,"column":106}},"type":"if","locations":[{"start":{"line":27,"column":20},"end":{"line":27,"column":106}},{"start":{},"end":{}}],"line":27},"24":{"loc":{"start":{"line":27,"column":24},"end":{"line":27,"column":77}},"type":"binary-expr","locations":[{"start":{"line":27,"column":24},"end":{"line":27,"column":35}},{"start":{"line":27,"column":40},"end":{"line":27,"column":42}},{"start":{"line":27,"column":47},"end":{"line":27,"column":59}},{"start":{"line":27,"column":63},"end":{"line":27,"column":75}}],"line":27},"25":{"loc":{"start":{"line":28,"column":20},"end":{"line":28,"column":89}},"type":"if","locations":[{"start":{"line":28,"column":20},"end":{"line":28,"column":89}},{"start":{},"end":{}}],"line":28},"26":{"loc":{"start":{"line":28,"column":24},"end":{"line":28,"column":53}},"type":"binary-expr","locations":[{"start":{"line":28,"column":24},"end":{"line":28,"column":35}},{"start":{"line":28,"column":39},"end":{"line":28,"column":53}}],"line":28},"27":{"loc":{"start":{"line":29,"column":20},"end":{"line":29,"column":87}},"type":"if","locations":[{"start":{"line":29,"column":20},"end":{"line":29,"column":87}},{"start":{},"end":{}}],"line":29},"28":{"loc":{"start":{"line":29,"column":24},"end":{"line":29,"column":43}},"type":"binary-expr","locations":[{"start":{"line":29,"column":24},"end":{"line":29,"column":25}},{"start":{"line":29,"column":29},"end":{"line":29,"column":43}}],"line":29},"29":{"loc":{"start":{"line":30,"column":20},"end":{"line":30,"column":42}},"type":"if","locations":[{"start":{"line":30,"column":20},"end":{"line":30,"column":42}},{"start":{},"end":{}}],"line":30},"30":{"loc":{"start":{"line":35,"column":8},"end":{"line":35,"column":35}},"type":"if","locations":[{"start":{"line":35,"column":8},"end":{"line":35,"column":35}},{"start":{},"end":{}}],"line":35},"31":{"loc":{"start":{"line":35,"column":52},"end":{"line":35,"column":74}},"type":"cond-expr","locations":[{"start":{"line":35,"column":60},"end":{"line":35,"column":65}},{"start":{"line":35,"column":68},"end":{"line":35,"column":74}}],"line":35},"32":{"loc":{"start":{"line":38,"column":22},"end":{"line":40,"column":1}},"type":"binary-expr","locations":[{"start":{"line":38,"column":23},"end":{"line":38,"column":27}},{"start":{"line":38,"column":31},"end":{"line":38,"column":51}},{"start":{"line":38,"column":56},"end":{"line":40,"column":1}}],"line":38},"33":{"loc":{"start":{"line":39,"column":11},"end":{"line":39,"column":61}},"type":"cond-expr","locations":[{"start":{"line":39,"column":37},"end":{"line":39,"column":40}},{"start":{"line":39,"column":43},"end":{"line":39,"column":61}}],"line":39},"34":{"loc":{"start":{"line":39,"column":12},"end":{"line":39,"column":33}},"type":"binary-expr","locations":[{"start":{"line":39,"column":12},"end":{"line":39,"column":15}},{"start":{"line":39,"column":19},"end":{"line":39,"column":33}}],"line":39},"35":{"loc":{"start":{"line":53,"column":16},"end":{"line":71,"column":17}},"type":"switch","locations":[{"start":{"line":54,"column":20},"end":{"line":60,"column":32}},{"start":{"line":61,"column":20},"end":{"line":65,"column":56}},{"start":{"line":66,"column":20},"end":{"line":69,"column":38}},{"start":{"line":70,"column":20},"end":{"line":70,"column":50}}],"line":53},"36":{"loc":{"start":{"line":77,"column":16},"end":{"line":91,"column":17}},"type":"switch","locations":[{"start":{"line":78,"column":20},"end":{"line":81,"column":125}},{"start":{"line":82,"column":20},"end":{"line":85,"column":56}},{"start":{"line":86,"column":20},"end":{"line":89,"column":38}},{"start":{"line":90,"column":20},"end":{"line":90,"column":50}}],"line":77},"37":{"loc":{"start":{"line":97,"column":16},"end":{"line":110,"column":17}},"type":"switch","locations":[{"start":{"line":98,"column":20},"end":{"line":100,"column":135}},{"start":{"line":101,"column":20},"end":{"line":104,"column":56}},{"start":{"line":105,"column":20},"end":{"line":108,"column":38}},{"start":{"line":109,"column":20},"end":{"line":109,"column":50}}],"line":97},"38":{"loc":{"start":{"line":119,"column":16},"end":{"line":148,"column":17}},"type":"switch","locations":[{"start":{"line":120,"column":20},"end":{"line":122,"column":122}},{"start":{"line":123,"column":20},"end":{"line":129,"column":125}},{"start":{"line":130,"column":20},"end":{"line":138,"column":41}},{"start":{"line":139,"column":20},"end":{"line":142,"column":56}},{"start":{"line":143,"column":20},"end":{"line":146,"column":38}},{"start":{"line":147,"column":20},"end":{"line":147,"column":50}}],"line":119},"39":{"loc":{"start":{"line":125,"column":24},"end":{"line":127,"column":25}},"type":"if","locations":[{"start":{"line":125,"column":24},"end":{"line":127,"column":25}},{"start":{},"end":{}}],"line":125},"40":{"loc":{"start":{"line":134,"column":32},"end":{"line":137,"column":33}},"type":"switch","locations":[{"start":{"line":135,"column":36},"end":{"line":135,"column":108}},{"start":{"line":136,"column":36},"end":{"line":136,"column":77}}],"line":134}},"s":{"0":1,"1":1,"2":0,"3":1,"4":0,"5":0,"6":0,"7":1,"8":1,"9":1,"10":1,"11":1,"12":1,"13":1,"14":2,"15":1,"16":1,"17":1,"18":1,"19":0,"20":3,"21":2,"22":2,"23":0,"24":2,"25":6,"26":6,"27":0,"28":6,"29":0,"30":6,"31":2,"32":2,"33":1,"34":1,"35":0,"36":0,"37":0,"38":0,"39":0,"40":0,"41":0,"42":3,"43":1,"44":1,"45":2,"46":0,"47":0,"48":2,"49":1,"50":1,"51":1,"52":1,"53":0,"54":0,"55":0,"56":1,"57":0,"58":1,"59":1,"60":3,"61":2,"62":2,"63":6,"64":1,"65":1,"66":0,"67":1,"68":1,"69":1,"70":1,"71":1,"72":1,"73":1,"74":1,"75":1,"76":1,"77":1,"78":0,"79":0,"80":0,"81":0,"82":0,"83":0,"84":0,"85":0,"86":0,"87":0,"88":0,"89":0,"90":0,"91":0,"92":1,"93":0,"94":0,"95":0,"96":0,"97":0,"98":0,"99":0,"100":0,"101":0,"102":0,"103":0,"104":0,"105":0,"106":1,"107":1,"108":1,"109":3,"110":1,"111":1,"112":1,"113":0,"114":0,"115":1,"116":1,"117":1,"118":0,"119":1,"120":0,"121":0,"122":0,"123":0,"124":0,"125":0,"126":0,"127":0,"128":0,"129":0,"130":0,"131":0,"132":0,"133":0,"134":0,"135":0,"136":0,"137":0,"138":0,"139":0,"140":0,"141":0,"142":0,"143":0,"144":0,"145":0,"146":1,"147":1,"148":1},"f":{"0":1,"1":1,"2":0,"3":1,"4":0,"5":1,"6":1,"7":1,"8":2,"9":0,"10":3,"11":2,"12":2,"13":1,"14":1,"15":1,"16":0,"17":0,"18":0,"19":0,"20":0,"21":0,"22":1,"23":1,"24":3,"25":0,"26":0,"27":0,"28":0,"29":0,"30":0},"b":{"0":[1,1,1],"1":[1,0],"2":[1,1],"3":[0,1],"4":[1,1],"5":[1,1,1],"6":[1,1],"7":[0,1],"8":[1,1],"9":[0,2],"10":[7,1],"11":[1,0],"12":[0,6],"13":[6,0,0],"14":[0,0],"15":[0,0],"16":[0,0],"17":[0,0],"18":[0,6],"19":[1,2,1,0,0,3],"20":[1,2],"21":[3,1,0],"22":[3,2],"23":[0,2],"24":[2,0,0,0],"25":[1,1],"26":[2,2],"27":[0,1],"28":[1,1],"29":[0,1],"30":[1,0],"31":[0,0],"32":[1,1,1],"33":[1,0],"34":[1,1],"35":[0,0,0,0],"36":[0,0,0,0],"37":[1,1,1,0],"38":[0,0,0,0,0,0],"39":[0,0],"40":[0,0]},"inputSourceMap":{"version":3,"file":"/Users/moty/Documents/GitHub/tree-nodejs-typescript-postgresql/app/modules/categories/service/categories.service.ts","sources":["/Users/moty/Documents/GitHub/tree-nodejs-typescript-postgresql/app/modules/categories/service/categories.service.ts"],"names":[],"mappings":";;;;;;;;;;;;;;;;;;;;;;;;;;;;;;;;;;;;;;;;;AAAA,wDAAuD;AAEvD,qEAA+C;AAC/C,sCAA+C;AAO/C;IACI,2BACqB,QAAkB,EAClB,OAAsB;QAF3C,iBAGG;QAFkB,aAAQ,GAAR,QAAQ,CAAU;QAClB,YAAO,GAAP,OAAO,CAAe;QAG3C,mBAAc,GAAG,UAAO,IAA6B;;;;;;wBAE9C,IAAI,CAAC,OAAO,CAAC,IAAI,CAAC,oHAA6G,IAAI,CAAE,CAAC,CAAC;wBAEtH,qBAAM,IAAI,CAAC,QAAQ,CAAC,SAAS,CAAC,2BAAiB,CAAC,cAAc,EAAE;gCAC5E,IAAI,CAAC,IAAI;gCACT,IAAI,CAAC,QAAQ;6BAChB,CAAC,EAAA;;wBAHG,QAAQ,GAAG,SAGd;wBAEF,OAAO,CAAC,GAAG,CAAC,QAAQ,CAAC,CAAC;wBACtB,IAAI,CAAC,OAAO,CAAC,IAAI,CAAC,mCAA4B,IAAI,CAAC,SAAS,CAAC,QAAQ,CAAC,CAAE,CAAC,CAAC;wBAE1E,sBAAO,QAAQ,EAAC;;;wBAEhB,IAAI,CAAC,OAAO,CAAC,KAAK,CAAC,OAAK,CAAC,CAAC;wBAC1B,MAAM,OAAK,CAAC;;;;aAEnB,CAAA;QAED,mBAAc,GAAG,UAAO,IAA4B;;;;;;wBAE5C,IAAI,CAAC,OAAO,CAAC,IAAI,CAAC,iHAA0G,IAAI,CAAC,EAAE,CAAE,CAAC,CAAC;wBAEtH,qBAAM,IAAI,CAAC,QAAQ,CAAC,SAAS,CAAC,2BAAiB,CAAC,cAAc,EAAE,CAAC,IAAI,CAAC,EAAE,CAAC,CAAC,EAAA;;wBAArF,QAAQ,GAAG,SAA0E;wBAE3F,IAAI,CAAC,OAAO,CAAC,IAAI,CAAC,mCAA4B,IAAI,CAAC,SAAS,CAAC,QAAQ,CAAC,CAAE,CAAC,CAAC;wBAE1E,sBAAO,QAAQ,EAAC;;;wBAEhB,IAAI,CAAC,OAAO,CAAC,KAAK,CAAC,OAAK,CAAC,CAAC;wBAC1B,MAAM,OAAK,CAAC;;;;aAEnB,CAAA;QA2BD,gBAAW,GAAG,UAAO,EAAU,EAAE,IAA2B;;;;;;wBAGnC,qBAAM,IAAI,CAAC,QAAQ,CAAC,SAAS,CAAC,2BAAiB,CAAC,cAAc,EAAE,CAAC,IAAI,CAAC,QAAQ,EAAE,EAAE,CAAC,CAAC,EAAA;;wBAA/F,QAAQ,GAAG,SAAoF;wBACrG,OAAO,CAAC,GAAG,CAAC,QAAQ,CAAC,CAAC;wBACtB,sBAAO,QAAQ,EAAC;;;wBAEhB,IAAI,CAAC,OAAO,CAAC,KAAK,CAAC,OAAK,CAAC,CAAC;wBAC1B,MAAM,OAAK,CAAC;;;;aAEnB,CAAA;IAvEC,CAAC;IAoCG,8CAAkB,GAAxB,UAAyB,IAA4B;;;;;;;;wBAE9B,qBAAM,IAAI,CAAC,QAAQ,CAAC,SAAS,CAAC,2BAAiB,CAAC,WAAW,EAAE,CAAC,IAAI,CAAC,EAAE,CAAC,CAAC,EAAA;;wBAAhF,MAAM,GAAG,SAAuE;wBAEtF,IAAI,CAAC,MAAM,EAAE,CAAC;4BACV,MAAM,IAAI,KAAK,CAAC,2BAAoB,IAAI,CAAC,EAAE,gBAAa,CAAC,CAAC;wBAC9D,CAAC;wBAEK,QAAQ,GAAG,MAAM,CAAC;wBAED,qBAAM,IAAI,CAAC,QAAQ,CAAC,UAAU,CAAC,2BAAiB,CAAC,aAAa,EAAE,CAAC,IAAI,CAAC,EAAE,CAAC,CAAC,EAAA;;wBAA3F,cAAc,GAAG,SAA0E;wBAEjG,KAAA,QAAQ,CAAA;wBAAY,qBAAM,OAAO,CAAC,GAAG,CACjC,cAAc,CAAC,GAAG,CAAC,UAAO,KAAU;;4CAAK,qBAAM,IAAI,CAAC,kBAAkB,CAAC,EAAE,EAAE,EAAE,KAAK,CAAC,EAAE,EAAE,CAAC,EAAA;4CAA/C,sBAAA,SAA+C,EAAA;;qCAAA,CAAC,CAC5F,EAAA;;wBAFD,GAAS,QAAQ,GAAG,SAEnB,CAAC;wBAEF,OAAO,CAAC,GAAG,CAAC,QAAQ,CAAC,CAAA;wBACrB,sBAAO,QAAQ,EAAC;;;wBAEhB,IAAI,CAAC,OAAO,CAAC,KAAK,CAAC,OAAK,CAAC,CAAC;wBAC1B,MAAM,OAAK,CAAC;;;;;KAEnB;IAeL,wBAAC;AAAD,CAAC,AA7ED,IA6EC;AAED,IAAM,iBAAiB,GAAG,IAAI,iBAAiB,CAAC,mBAAQ,EAAE,gBAAM,CAAC,CAAC;AAClE,kBAAe,iBAAiB,CAAC","sourcesContent":["import { sqlQuest } from \"../../../../config/database\";\nimport categoryModel from \"../../../../config/database/model/catergory\";\nimport logger from \"../../../../config/logger\";\nimport { categoriesQueries } from \"../queries\";\nimport { CreateCategoryValidator, GetCategoriesValidator, MoveCategoryValidator } from \"../validation\";\nimport ICategoriesService from \"./categories.Iservice\";\nimport { SqlQuest } from \"@bitreel/sql-quest\";\n\n\n\nclass CategoriesService implements ICategoriesService{\n    constructor(\n        private readonly sqlQuest: SqlQuest,\n        private readonly _logger: typeof logger\n    ){}\n\n    createCategory = async (body: CreateCategoryValidator): Promise<categoryModel> => {\n        try {\n           this._logger.info(`********** Category Service **********: Creating category in CategoryService::createCatergory with body - ${body}`);\n           \n           const category = await this.sqlQuest.oneOrNone(categoriesQueries.createCategory, [\n                body.name, \n                body.parentId\n            ]);\n\n            console.log(category);\n            this._logger.info(`Category info returned - ${JSON.stringify(category)}`);\n            \n            return category;\n        } catch (error) {\n            this._logger.error(error);\n            throw error;\n        }\n    }\n\n    removeCategory = async (body: GetCategoriesValidator): Promise<categoryModel> => {\n        try{\n            this._logger.info(`********** Category Service **********: Removing category in CategoryService::removeCategory with id - ${body.id}`);\n\n            const category = await this.sqlQuest.oneOrNone(categoriesQueries.deleteCategory, [body.id]);\n\n            this._logger.info(`Category info returned - ${JSON.stringify(category)}`);\n\n            return category;\n        }catch(error){\n            this._logger.error(error);\n            throw error;\n        }\n    }\n\n    async getCategorySubtree(body: GetCategoriesValidator): Promise<categoryModel[]> {\n        try {\n            const result = await this.sqlQuest.oneOrNone(categoriesQueries.getCategory, [body.id]);\n    \n            if (!result) {\n                throw new Error(`Category with ID ${body.id} not found.`);\n            }\n    \n            const category = result;\n            \n            const childrenResult = await this.sqlQuest.manyOrNone(categoriesQueries.getCategories, [body.id]);\n    \n            category.children = await Promise.all(\n                childrenResult.map(async (child: any) => await this.getCategorySubtree({ id: child.id }))\n            );\n    \n            console.log(category)\n            return category;\n        } catch (error) {\n            this._logger.error(error);\n            throw error;\n        }\n    }\n    \n\n    moveSubtree = async (id: string, body: MoveCategoryValidator): Promise<categoryModel> => {\n        try{\n           \n            const category = await this.sqlQuest.oneOrNone(categoriesQueries.updateCategory, [body.parentId, id]);\n            console.log(category);\n            return category;\n        }catch(error){\n            this._logger.error(error);\n            throw error;\n        }\n    }\n\n}\n\nconst categoriesService = new CategoriesService(sqlQuest, logger);\nexport default categoriesService;"]},"_coverageSchema":"1a1c01bbd47fc00a2c39e90264f33305004495a9","hash":"1f30aa56246377f00030084589a0e4a9be40ef85","contentHash":"83fa09e30b0cadbd33bfb89c485d0532b0454d74e8f5aed3d5ac096c1aaea342"},"/Users/moty/Documents/GitHub/tree-nodejs-typescript-postgresql/app/modules/categories/queries/index.ts":{"path":"/Users/moty/Documents/GitHub/tree-nodejs-typescript-postgresql/app/modules/categories/queries/index.ts","statementMap":{"0":{"start":{"line":2,"column":0},"end":{"line":2,"column":62}},"1":{"start":{"line":3,"column":0},"end":{"line":3,"column":35}},"2":{"start":{"line":4,"column":0},"end":{"line":10,"column":2}}},"fnMap":{},"branchMap":{},"s":{"0":1,"1":1,"2":1},"f":{},"b":{},"inputSourceMap":{"version":3,"file":"/Users/moty/Documents/GitHub/tree-nodejs-typescript-postgresql/app/modules/categories/queries/index.ts","sources":["/Users/moty/Documents/GitHub/tree-nodejs-typescript-postgresql/app/modules/categories/queries/index.ts"],"names":[],"mappings":";;;AAQa,QAAA,iBAAiB,GAAsB;IAChD,cAAc,EAAE,4LAQf;IACD,WAAW,EAAE,wDAEZ;IACD,aAAa,EAAE,+CAA+C;IAC9D,cAAc,EAAE,uKAMf;IACD,cAAc,EAAE,oFAEf;CACJ,CAAC","sourcesContent":["type CategoriesQueries = {\n    createCategory: string;\n    getCategory: string;\n    getCategories: string;\n    updateCategory: string;\n    deleteCategory: string;\n};\n\nexport const categoriesQueries: CategoriesQueries = {\n    createCategory: `\n        INSERT INTO categories(\n            name, \n            parent_id\n        ) VALUES($1, $2) RETURNING \n         id,\n         name, \n         parent_id as \"parentId\"\n    `,\n    getCategory: `\n        SELECT * FROM categories WHERE id = $1\n    `,\n    getCategories: `SELECT * FROM categories WHERE parent_id = $1`,\n    updateCategory: `\n        UPDATE categories SET parent_id = $1 WHERE id = $2 \n        RETURNING \n            id, \n            name, \n            parent_id as \"parentId\";\n    `,\n    deleteCategory: `\n        DELETE FROM categories WHERE id = $1 OR parent_id = $1 RETURNING *\n    `\n};"]},"_coverageSchema":"1a1c01bbd47fc00a2c39e90264f33305004495a9","hash":"52acf61f86d9677ae87483b6b684489420b1b823","contentHash":"48b2954c6f8d01de8183f29517285d007026257ed659f93eab034cd9ebbff6f1"},"/Users/moty/Documents/GitHub/tree-nodejs-typescript-postgresql/app/modules/categories/tests/fixture.ts":{"path":"/Users/moty/Documents/GitHub/tree-nodejs-typescript-postgresql/app/modules/categories/tests/fixture.ts","statementMap":{"0":{"start":{"line":2,"column":0},"end":{"line":2,"column":62}},"1":{"start":{"line":3,"column":0},"end":{"line":3,"column":34}},"2":{"start":{"line":4,"column":14},"end":{"line":4,"column":40}},"3":{"start":{"line":5,"column":0},"end":{"line":8,"column":2}}},"fnMap":{},"branchMap":{},"s":{"0":1,"1":1,"2":1,"3":1},"f":{},"b":{},"inputSourceMap":{"version":3,"file":"/Users/moty/Documents/GitHub/tree-nodejs-typescript-postgresql/app/modules/categories/tests/fixture.ts","sources":["/Users/moty/Documents/GitHub/tree-nodejs-typescript-postgresql/app/modules/categories/tests/fixture.ts"],"names":[],"mappings":";;;AAAA,yCAAwC;AAE3B,QAAA,gBAAgB,GAAG;IAC5B,IAAI,EAAE,aAAK,CAAC,IAAI,CAAC,IAAI,EAAE;IACvB,QAAQ,EAAE,aAAK,CAAC,IAAI,CAAC,IAAI,EAAE;CAC9B,CAAA","sourcesContent":["import { faker } from \"@faker-js/faker\";\n\nexport const catergoryFixture = {\n    name: faker.word.noun(),\n    parentId: faker.word.noun(),\n}"]},"_coverageSchema":"1a1c01bbd47fc00a2c39e90264f33305004495a9","hash":"7b9f5bc5abea2865396e4313199097c3674a30e2","contentHash":"029058e5f6bc1cc31575e8c78fa0011c728af6c6509041537c7fb49f286a16fe"}}