TN:
SF:app/modules/categories/controller/categories.controller.ts
FN:10,(anonymous_14)
FN:11,CategoriesController
FN:16,(anonymous_16)
FN:16,(anonymous_17)
FN:36,(anonymous_19)
FN:36,(anonymous_20)
FN:56,(anonymous_22)
FN:56,(anonymous_23)
FN:76,(anonymous_25)
FN:76,(anonymous_26)
FNF:10
FNH:4
FNDA:1,(anonymous_14)
FNDA:1,CategoriesController
FNDA:0,(anonymous_16)
FNDA:0,(anonymous_17)
FNDA:0,(anonymous_19)
FNDA:0,(anonymous_20)
FNDA:0,(anonymous_22)
FNDA:0,(anonymous_23)
FNDA:1,(anonymous_25)
FNDA:1,(anonymous_26)
DA:2,1
DA:3,1
DA:5,1
DA:8,1
DA:10,1
DA:11,1
DA:12,1
DA:13,1
DA:16,1
DA:18,0
DA:20,0
DA:22,0
DA:24,0
DA:31,0
DA:32,0
DA:36,1
DA:38,0
DA:40,0
DA:41,0
DA:42,0
DA:44,0
DA:51,0
DA:52,0
DA:56,1
DA:58,0
DA:60,0
DA:62,0
DA:64,0
DA:71,0
DA:72,0
DA:76,1
DA:78,1
DA:80,1
DA:82,1
DA:84,0
DA:90,1
DA:91,1
DA:94,1
DA:96,1
DA:98,1
LF:40
LH:20
BRF:0
BRH:0
end_of_record
TN:
SF:app/modules/categories/queries/index.ts
FNF:0
FNH:0
DA:9,1
LF:1
LH:1
BRF:0
BRH:0
end_of_record
TN:
SF:app/modules/categories/routes/index.ts
FNF:0
FNH:0
DA:1,1
DA:2,1
DA:3,1
DA:4,1
DA:8,1
DA:10,1
DA:12,1
DA:18,1
DA:23,1
DA:29,1
DA:34,1
LF:11
LH:11
BRF:0
BRH:0
end_of_record
TN:
SF:app/modules/categories/service/categories.service.ts
FN:11,(anonymous_14)
FN:12,CategoriesService
FN:17,(anonymous_16)
FN:17,(anonymous_17)
FN:36,(anonymous_19)
FN:36,(anonymous_20)
FN:76,(anonymous_22)
FN:76,(anonymous_23)
FN:51,(anonymous_25)
FN:64,(anonymous_28)
FN:64,(anonymous_29)
FNF:11
FNH:4
FNDA:1,(anonymous_14)
FNDA:1,CategoriesService
FNDA:0,(anonymous_16)
FNDA:0,(anonymous_17)
FNDA:0,(anonymous_19)
FNDA:0,(anonymous_20)
FNDA:1,(anonymous_22)
FNDA:1,(anonymous_23)
FNDA:0,(anonymous_25)
FNDA:0,(anonymous_28)
FNDA:0,(anonymous_29)
DA:1,1
DA:3,1
DA:4,1
DA:11,1
DA:12,1
DA:13,1
DA:14,1
DA:17,1
DA:19,0
DA:21,0
DA:26,0
DA:27,0
DA:29,0
DA:31,0
DA:32,0
DA:36,1
DA:38,0
DA:40,0
DA:42,0
DA:44,0
DA:46,0
DA:47,0
DA:51,1
DA:53,0
DA:55,0
DA:56,0
DA:59,0
DA:61,0
DA:63,0
DA:64,0
DA:67,0
DA:68,0
DA:70,0
DA:71,0
DA:76,1
DA:79,1
DA:80,0
DA:81,0
DA:83,1
DA:84,1
DA:88,1
DA:90,1
DA:91,1
LF:43
LH:17
BRDA:55,0,0,0
BRDA:64,1,0,0
BRDA:64,1,1,0
BRF:3
BRH:0
end_of_record
TN:
SF:app/modules/categories/tests/fixture.ts
FNF:0
FNH:0
DA:1,1
DA:3,1
LF:2
LH:2
BRF:0
BRH:0
end_of_record
TN:
SF:app/modules/categories/validation/index.ts
FNF:0
FNH:0
DA:1,1
DA:4,1
DA:9,1
DA:13,1
LF:4
LH:4
BRF:0
BRH:0
end_of_record
TN:
SF:app/routes/index.ts
FNF:0
FNH:0
DA:1,1
DA:3,1
DA:5,1
LF:3
LH:3
BRF:0
BRH:0
end_of_record
TN:
SF:app/routes/v1/index.ts
FNF:0
FNH:0
DA:1,1
DA:2,1
DA:4,1
DA:6,1
DA:8,1
LF:5
LH:5
BRF:0
BRH:0
end_of_record
TN:
SF:config/express.ts
FN:12,App
FN:41,(anonymous_3)
FNF:2
FNH:1
FNDA:1,App
FNDA:0,(anonymous_3)
DA:1,1
DA:2,1
DA:3,1
DA:4,1
DA:5,1
DA:6,1
DA:7,1
DA:9,1
DA:12,1
DA:13,1
DA:15,1
DA:22,1
DA:23,1
DA:28,1
DA:29,1
DA:32,1
DA:33,1
DA:34,1
DA:39,1
DA:40,1
DA:41,1
DA:42,0
DA:45,1
DA:49,1
DA:51,1
DA:53,1
LF:26
LH:25
BRDA:22,0,0,0
BRDA:22,0,1,1
BRF:2
BRH:1
end_of_record
TN:
SF:config/database/index.ts
FN:13,connectDB
FNF:1
FNH:0
FNDA:0,connectDB
DA:1,1
DA:2,1
DA:3,1
DA:4,1
DA:5,1
DA:7,1
DA:11,1
DA:13,1
DA:14,0
DA:16,0
DA:17,0
DA:18,0
DA:19,0
DA:20,0
DA:21,0
DA:24,0
DA:27,0
DA:29,0
LF:18
LH:8
BRDA:14,0,0,0
BRDA:16,1,0,0
BRDA:18,2,0,0
BRF:3
BRH:0
end_of_record
TN:
SF:config/env/development.ts
FNF:0
FNH:0
DA:1,1
DA:2,1
DA:4,1
DA:7,1
LF:4
LH:4
BRF:0
BRH:0
end_of_record
TN:
SF:config/env/index.ts
FNF:0
FNH:0
DA:1,1
DA:2,1
DA:3,1
DA:4,1
DA:5,1
DA:6,1
DA:8,1
DA:16,1
DA:23,1
LF:9
LH:9
BRDA:21,0,0,1
BRDA:21,0,1,0
BRF:2
BRH:1
end_of_record
TN:
SF:config/env/production.ts
FNF:0
FNH:0
DA:1,1
DA:3,1
LF:2
LH:2
BRF:0
BRH:0
end_of_record
TN:
SF:config/env/staging.ts
FNF:0
FNH:0
DA:1,1
DA:2,1
DA:4,1
DA:6,1
LF:4
LH:4
BRF:0
BRH:0
end_of_record
TN:
SF:config/env/test.ts
FNF:0
FNH:0
DA:1,1
DA:3,1
LF:2
LH:2
BRF:0
BRH:0
end_of_record
TN:
SF:utils/env/env.ts
FN:4,(anonymous_14)
FN:7,(anonymous_16)
FN:15,(anonymous_19)
FNF:3
FNH:2
FNDA:1,(anonymous_14)
FNDA:0,(anonymous_16)
FNDA:7,(anonymous_19)
DA:2,1
DA:4,1
DA:7,1
DA:9,0
DA:11,0
DA:15,1
DA:16,7
DA:17,7
DA:19,1
LF:9
LH:7
BRDA:16,0,0,0
BRDA:16,1,0,7
BRDA:16,1,1,0
BRDA:16,2,0,7
BRDA:16,2,1,7
BRF:5
BRH:3
end_of_record
TN:
SF:utils/error/api.error.ts
FN:13,(anonymous_7)
FN:16,ApiError
FN:30,(anonymous_9)
FN:51,(anonymous_10)
FN:95,(anonymous_11)
FNF:5
FNH:1
FNDA:1,(anonymous_7)
FNDA:0,ApiError
FNDA:0,(anonymous_9)
FNDA:0,(anonymous_10)
FNDA:0,(anonymous_11)
DA:2,1
DA:3,1
DA:5,1
DA:13,1
DA:17,0
DA:19,0
DA:20,0
DA:30,1
DA:32,0
DA:34,0
DA:36,0
DA:37,0
DA:38,0
DA:39,0
DA:40,0
DA:50,0
DA:52,0
DA:55,0
DA:61,0
DA:65,0
DA:75,0
DA:83,0
DA:95,1
DA:101,0
DA:102,0
DA:103,0
DA:105,0
DA:115,0
DA:122,1
LF:29
LH:7
BRDA:17,0,0,0
BRDA:17,0,1,0
BRDA:36,1,0,0
BRDA:36,1,1,0
BRDA:61,2,0,0
BRDA:61,2,1,0
BRDA:62,3,0,0
BRDA:62,3,1,0
BRDA:62,3,2,0
BRDA:75,4,0,0
BRDA:75,4,1,0
BRDA:79,5,0,0
BRDA:79,5,1,0
BRDA:115,6,0,0
BRDA:115,6,1,0
BRF:15
BRH:0
end_of_record
TN:
SF:utils/error/index.ts
FN:1,(anonymous_0)
FNF:1
FNH:1
FNDA:2,(anonymous_0)
DA:1,3
LF:1
LH:1
BRF:0
BRH:0
end_of_record
TN:
SF:utils/helpers/response.handler.ts
FN:14,(anonymous_1)
FN:19,ResponseHandler
FN:32,(anonymous_3)
FN:57,(anonymous_4)
FNF:4
FNH:2
FNDA:1,(anonymous_1)
FNDA:1,ResponseHandler
FNDA:0,(anonymous_3)
FNDA:0,(anonymous_4)
DA:2,1
DA:3,1
DA:14,1
DA:20,1
DA:21,1
DA:22,1
DA:23,1
DA:32,1
DA:38,0
DA:39,0
DA:40,0
DA:48,0
DA:57,1
DA:61,0
DA:62,0
DA:63,0
DA:65,0
DA:73,0
DA:75,1
DA:77,1
LF:20
LH:11
BRDA:38,0,0,0
BRDA:38,0,1,0
BRDA:61,1,0,0
BRDA:61,1,1,0
BRF:4
BRH:0
end_of_record
TN:
SF:utils/helpers/validation/validation.middleware.ts
FN:10,(anonymous_2)
FN:11,(anonymous_4)
FN:12,(anonymous_5)
FN:15,(anonymous_6)
FN:18,(anonymous_7)
FNF:5
FNH:4
FNDA:1,(anonymous_2)
FNDA:2,(anonymous_4)
FNDA:1,(anonymous_5)
FNDA:1,(anonymous_6)
FNDA:0,(anonymous_7)
DA:3,1
DA:10,1
DA:11,1
DA:12,2
DA:13,1
DA:16,1
DA:19,0
DA:23,1
LF:8
LH:7
BRF:0
BRH:0
end_of_record
